2018-06-06 10:46:22 -  - exec CUpdateClient::GetUpdatesList
2018-06-06 10:46:22 -  - exec CUpdateClient::CollectRequestData
2018-06-06 10:46:22 -  - LICENSE_KEY=X&lang=ru&SUPD_VER=18.0.0&VERSION=18.0.0&TYPENC=D&SUPD_STS=1&SUPD_URS=0&SUPD_DBS=MYSQL&XE=N&CLIENT_SITE=fk62.ru&CHHB=fk62.ru&CSAB=127.0.0.1&SUID=d9bb5d25ddb184c77ea650256b3d348c&CANGZIP=Y&CLIENT_PHPVER=7.1.9&stable=Y&NGINX=Y&rerere=Y&bitm_main=18.0.0&bitm_fileman=17.5.12&bitm_landing=18.3.0&bitm_clouds=17.0.2&bitm_socialservices=17.5.4&bitm_subscribe=17.5.0&bitm_perfmon=17.0.1&bitm_pull=17.5.4&bitm_b24connector=17.5.0&bitm_forum=17.5.5&bitm_sender=18.0.0&bitm_catalog=17.6.2&bitm_sale=17.8.19&bitm_conversion=17.5.0&bitm_report=18.0.4&bitm_security=17.0.2&bitm_rest=18.0.0&bitm_search=17.5.1&bitm_bitrixcloud=17.5.0&bitm_iblock=17.6.3&bitm_seo=18.0.0&bitm_highloadblock=17.5.0&bitm_photogallery=17.0.2&bitm_currency=17.5.4&bitm_translate=16.0.0&bitm_eshopapp=16.5.0&bitm_mobileapp=17.5.1&bitm_ui=17.6.0&bitm_compression=16.0.0&bitm_form=17.0.1&bitm_blog=17.6.1&bitm_abtest=17.5.0&bitm_messageservice=18.0.0&bitm_storeassist=16.0.1&bitm_vote=17.5.1&bitm_scale=17.5.0&bitl_ru=&bitl_en=&SUPD_OFC=Small&SUPD_SRS=RU&SUPD_CMP=N&SALE_15=Y&LICENSE_SIGNED=%7Enew_license18_0_sign-N
2018-06-06 10:46:22 -  - exec CUpdateClient::GetHTTPPage
2018-06-06 10:46:22 -  - TIME GetUpdatesList(request) 0.666 sec
2018-06-06 10:46:22 -  - exec CUpdateClient::ParseServerData
2018-06-06 10:48:47 -  - exec CUpdateClient::LoadModulesUpdates
2018-06-06 10:48:47 -  - exec CUpdateClient::CollectRequestData
2018-06-06 10:48:47 -  - LICENSE_KEY=X&lang=ru&SUPD_VER=18.0.0&VERSION=18.0.0&TYPENC=D&SUPD_STS=1&SUPD_URS=0&SUPD_DBS=MYSQL&XE=N&CLIENT_SITE=fk62.ru&CHHB=fk62.ru&CSAB=127.0.0.1&SUID=d9bb5d25ddb184c77ea650256b3d348c&CANGZIP=Y&CLIENT_PHPVER=7.1.9&stable=Y&NGINX=Y&rerere=Y&bitm_main=18.0.0&bitm_fileman=17.5.12&bitm_landing=18.3.0&bitm_clouds=17.0.2&bitm_socialservices=17.5.4&bitm_subscribe=17.5.0&bitm_perfmon=17.0.1&bitm_pull=17.5.4&bitm_b24connector=17.5.0&bitm_forum=17.5.5&bitm_sender=18.0.0&bitm_catalog=17.6.2&bitm_sale=17.8.19&bitm_conversion=17.5.0&bitm_report=18.0.4&bitm_security=17.0.2&bitm_rest=18.0.0&bitm_search=17.5.1&bitm_bitrixcloud=17.5.0&bitm_iblock=17.6.3&bitm_seo=18.0.0&bitm_highloadblock=17.5.0&bitm_photogallery=17.0.2&bitm_currency=17.5.4&bitm_translate=16.0.0&bitm_eshopapp=16.5.0&bitm_mobileapp=17.5.1&bitm_ui=17.6.0&bitm_compression=16.0.0&bitm_form=17.0.1&bitm_blog=17.6.1&bitm_abtest=17.5.0&bitm_messageservice=18.0.0&bitm_storeassist=16.0.1&bitm_vote=17.5.1&bitm_scale=17.5.0&bitl_ru=&bitl_en=&SUPD_OFC=Small&SUPD_SRS=RU&SUPD_CMP=N&SALE_15=Y&LICENSE_SIGNED=%7Enew_license18_0_sign-Y
2018-06-06 10:48:47 -  - exec CUpdateClient::GetHTTPPage
2018-06-06 10:48:47 -  - TIME LoadModulesUpdates(request) 0.176 sec
2018-06-06 10:48:47 -  - exec CUpdateClient::ParseServerData
2018-06-06 10:48:47 - S - STEP
2018-06-06 10:48:47 - LMU01 - LoadModulesUpdates-Step
2018-06-06 10:48:47 -  - exec CUpdateClient::LoadModulesUpdates
2018-06-06 10:48:47 -  - exec CUpdateClient::ParseServerData
2018-06-06 10:48:47 -  - loadFile
2018-06-06 10:48:47 - U - RETURN
2018-06-06 10:48:47 -  - exec CUpdateClient::UnGzipArchive
2018-06-06 10:48:47 -  - TIME UnGzipArchive 0.014 sec
2018-06-06 10:48:47 - CSURUS1 - Run updater '/bitrix/updates/update_m1528271327/fileman/updater18.0.0.php'
2018-06-06 10:48:47 - CRUPDCF1 - Run updater '/bitrix/updates/update_m1528271327/fileman/updater18.0.0.php': CopyFiles(install/components, components)
2018-06-06 10:48:47 - CRUPDCF1 - Run updater '/bitrix/updates/update_m1528271327/fileman/updater18.0.0.php': CopyFiles(install/js, js)
2018-06-06 10:48:47 -  - TIME UpdateStepModules 0.016 sec
2018-06-06 10:48:47 - UPD_SUCCESS - Updated: fileman (18.0.0)<br><li>В блочном редакторе исправлена ошибка отображения компонентов. 
2018-06-06 10:48:48 -  - exec CUpdateClient::LoadModulesUpdates
2018-06-06 10:48:48 -  - exec CUpdateClient::CollectRequestData
2018-06-06 10:48:48 -  - LICENSE_KEY=X&lang=ru&SUPD_VER=18.0.0&VERSION=18.0.0&TYPENC=D&SUPD_STS=1&SUPD_URS=0&SUPD_DBS=MYSQL&XE=N&CLIENT_SITE=fk62.ru&CHHB=fk62.ru&CSAB=127.0.0.1&SUID=d9bb5d25ddb184c77ea650256b3d348c&CANGZIP=Y&CLIENT_PHPVER=7.1.9&stable=Y&NGINX=Y&rerere=Y&bitm_main=18.0.0&bitm_fileman=18.0.0&bitm_landing=18.3.0&bitm_clouds=17.0.2&bitm_socialservices=17.5.4&bitm_subscribe=17.5.0&bitm_perfmon=17.0.1&bitm_pull=17.5.4&bitm_b24connector=17.5.0&bitm_forum=17.5.5&bitm_sender=18.0.0&bitm_catalog=17.6.2&bitm_sale=17.8.19&bitm_conversion=17.5.0&bitm_report=18.0.4&bitm_security=17.0.2&bitm_rest=18.0.0&bitm_search=17.5.1&bitm_bitrixcloud=17.5.0&bitm_iblock=17.6.3&bitm_seo=18.0.0&bitm_highloadblock=17.5.0&bitm_photogallery=17.0.2&bitm_currency=17.5.4&bitm_translate=16.0.0&bitm_eshopapp=16.5.0&bitm_mobileapp=17.5.1&bitm_ui=17.6.0&bitm_compression=16.0.0&bitm_form=17.0.1&bitm_blog=17.6.1&bitm_abtest=17.5.0&bitm_messageservice=18.0.0&bitm_storeassist=16.0.1&bitm_vote=17.5.1&bitm_scale=17.5.0&bitl_ru=&bitl_en=&SUPD_OFC=Small&SUPD_SRS=RU&SUPD_CMP=N&SALE_15=Y&LICENSE_SIGNED=%7Enew_license18_0_sign-Y
2018-06-06 10:48:48 -  - exec CUpdateClient::GetHTTPPage
2018-06-06 10:48:48 -  - TIME LoadModulesUpdates(request) 0.19 sec
2018-06-06 10:48:48 -  - exec CUpdateClient::ParseServerData
2018-06-06 10:48:48 - S - STEP
2018-06-06 10:48:48 - LMU01 - LoadModulesUpdates-Step
2018-06-06 10:48:48 -  - exec CUpdateClient::LoadModulesUpdates
2018-06-06 10:48:48 -  - exec CUpdateClient::ParseServerData
2018-06-06 10:48:48 -  - loadFile
2018-06-06 10:48:48 - U - RETURN
2018-06-06 10:48:48 -  - exec CUpdateClient::UnGzipArchive
2018-06-06 10:48:48 -  - TIME UnGzipArchive 0.001 sec
2018-06-06 10:48:48 - CSURUS1 - Run updater '/bitrix/updates/update_m1528271328/rest/updater18.0.1.php'
2018-06-06 10:48:48 -  - TIME UpdateStepModules 0.017 sec
2018-06-06 10:48:48 - UPD_SUCCESS - Updated: rest (18.0.1)<br><li>Исправление ошибки копирования публичных файлов одним из предыдущих обновлений. 
2018-06-06 10:48:48 -  - exec CUpdateClient::LoadModulesUpdates
2018-06-06 10:48:48 -  - exec CUpdateClient::CollectRequestData
2018-06-06 10:48:48 -  - LICENSE_KEY=X&lang=ru&SUPD_VER=18.0.0&VERSION=18.0.0&TYPENC=D&SUPD_STS=1&SUPD_URS=0&SUPD_DBS=MYSQL&XE=N&CLIENT_SITE=fk62.ru&CHHB=fk62.ru&CSAB=127.0.0.1&SUID=d9bb5d25ddb184c77ea650256b3d348c&CANGZIP=Y&CLIENT_PHPVER=7.1.9&stable=Y&NGINX=Y&rerere=Y&bitm_main=18.0.0&bitm_fileman=18.0.0&bitm_landing=18.3.0&bitm_clouds=17.0.2&bitm_socialservices=17.5.4&bitm_subscribe=17.5.0&bitm_perfmon=17.0.1&bitm_pull=17.5.4&bitm_b24connector=17.5.0&bitm_forum=17.5.5&bitm_sender=18.0.0&bitm_catalog=17.6.2&bitm_sale=17.8.19&bitm_conversion=17.5.0&bitm_report=18.0.4&bitm_security=17.0.2&bitm_rest=18.0.1&bitm_search=17.5.1&bitm_bitrixcloud=17.5.0&bitm_iblock=17.6.3&bitm_seo=18.0.0&bitm_highloadblock=17.5.0&bitm_photogallery=17.0.2&bitm_currency=17.5.4&bitm_translate=16.0.0&bitm_eshopapp=16.5.0&bitm_mobileapp=17.5.1&bitm_ui=17.6.0&bitm_compression=16.0.0&bitm_form=17.0.1&bitm_blog=17.6.1&bitm_abtest=17.5.0&bitm_messageservice=18.0.0&bitm_storeassist=16.0.1&bitm_vote=17.5.1&bitm_scale=17.5.0&bitl_ru=&bitl_en=&SUPD_OFC=Small&SUPD_SRS=RU&SUPD_CMP=N&SALE_15=Y&LICENSE_SIGNED=%7Enew_license18_0_sign-Y
2018-06-06 10:48:48 -  - exec CUpdateClient::GetHTTPPage
2018-06-06 10:48:48 -  - TIME LoadModulesUpdates(request) 0.205 sec
2018-06-06 10:48:48 -  - exec CUpdateClient::ParseServerData
2018-06-06 10:48:48 - STEP - Finish - NOUPDATES
2018-06-06 10:48:48 - STEP - Finish - NOUPDATES
2018-06-06 10:55:41 -  - exec CUpdateClient::GetUpdatesList
2018-06-06 10:55:41 -  - exec CUpdateClient::CollectRequestData
2018-06-06 10:55:41 -  - LICENSE_KEY=X&lang=ru&SUPD_VER=18.0.0&VERSION=18.0.0&TYPENC=D&SUPD_STS=1&SUPD_URS=0&SUPD_DBS=MYSQL&XE=N&CLIENT_SITE=fk62.ru&CHHB=fk62.ru&CSAB=127.0.0.1&SUID=d9bb5d25ddb184c77ea650256b3d348c&CANGZIP=Y&CLIENT_PHPVER=7.1.9&stable=Y&NGINX=Y&rerere=Y&bitm_main=18.0.0&bitm_fileman=18.0.0&bitm_landing=18.3.0&bitm_clouds=17.0.2&bitm_socialservices=17.5.4&bitm_subscribe=17.5.0&bitm_perfmon=17.0.1&bitm_pull=17.5.4&bitm_b24connector=17.5.0&bitm_forum=17.5.5&bitm_sender=18.0.0&bitm_catalog=17.6.2&bitm_sale=17.8.19&bitm_conversion=17.5.0&bitm_report=18.0.4&bitm_security=17.0.2&bitm_rest=18.0.1&bitm_search=17.5.1&bitm_bitrixcloud=17.5.0&bitm_iblock=17.6.3&bitm_seo=18.0.0&bitm_highloadblock=17.5.0&bitm_photogallery=17.0.2&bitm_currency=17.5.4&bitm_translate=16.0.0&bitm_eshopapp=16.5.0&bitm_mobileapp=17.5.1&bitm_ui=17.6.0&bitm_compression=16.0.0&bitm_form=17.0.1&bitm_blog=17.6.1&bitm_abtest=17.5.0&bitm_messageservice=18.0.0&bitm_storeassist=16.0.1&bitm_vote=17.5.1&bitm_scale=17.5.0&bitl_ru=&bitl_en=&SUPD_OFC=Small&SUPD_SRS=RU&SUPD_CMP=N&SALE_15=Y&LICENSE_SIGNED=%7Enew_license18_0_sign-Y
2018-06-06 10:55:41 -  - exec CUpdateClient::GetHTTPPage
2018-06-06 10:55:41 -  - TIME GetUpdatesList(request) 0.194 sec
2018-06-06 10:55:41 -  - exec CUpdateClient::ParseServerData
2018-06-06 11:06:35 -  - exec CUpdateClient::ActivateLicenseKey
2018-06-06 11:06:35 -  - exec CUpdateClient::CollectRequestData
2018-06-06 11:06:35 -  - LICENSE_KEY=X&lang=ru&SUPD_VER=18.0.0&VERSION=18.0.0&TYPENC=D&SUPD_STS=1&SUPD_URS=0&SUPD_DBS=MYSQL&XE=N&CLIENT_SITE=fk62.ru&CHHB=fk62.ru&CSAB=127.0.0.1&SUID=d9bb5d25ddb184c77ea650256b3d348c&CANGZIP=Y&CLIENT_PHPVER=7.1.9&stable=Y&NGINX=Y&rerere=Y&bitm_main=18.0.0&bitm_fileman=18.0.0&bitm_landing=18.3.0&bitm_clouds=17.0.2&bitm_socialservices=17.5.4&bitm_subscribe=17.5.0&bitm_perfmon=17.0.1&bitm_pull=17.5.4&bitm_b24connector=17.5.0&bitm_forum=17.5.5&bitm_sender=18.0.0&bitm_catalog=17.6.2&bitm_sale=17.8.19&bitm_conversion=17.5.0&bitm_report=18.0.4&bitm_security=17.0.2&bitm_rest=18.0.1&bitm_search=17.5.1&bitm_bitrixcloud=17.5.0&bitm_iblock=17.6.3&bitm_seo=18.0.0&bitm_highloadblock=17.5.0&bitm_photogallery=17.0.2&bitm_currency=17.5.4&bitm_translate=16.0.0&bitm_eshopapp=16.5.0&bitm_mobileapp=17.5.1&bitm_ui=17.6.0&bitm_compression=16.0.0&bitm_form=17.0.1&bitm_blog=17.6.1&bitm_abtest=17.5.0&bitm_messageservice=18.0.0&bitm_storeassist=16.0.1&bitm_vote=17.5.1&bitm_scale=17.5.0&bitl_ru=&bitl_en=&SUPD_OFC=Small&SUPD_SRS=RU&SUPD_CMP=N&SALE_15=Y&LICENSE_SIGNED=%7Enew_license18_0_sign-Y&query_type=activate
2018-06-06 11:06:35 -  - exec CUpdateClient::GetHTTPPage
2018-06-06 11:06:35 -  - TIME ActivateLicenseKey(request) 0.322 sec
2018-06-06 11:06:35 -  - exec CUpdateClient::ParseServerData
2018-06-06 11:06:35 - CUALK - License key activated successfully!
2018-06-06 11:06:35 - UPD_SUCCESS - Licence activated
2018-06-06 11:06:35 -  - exec CUpdateClient::GetUpdatesList
2018-06-06 11:06:35 -  - exec CUpdateClient::CollectRequestData
2018-06-06 11:06:35 -  - LICENSE_KEY=X&lang=ru&SUPD_VER=18.0.0&VERSION=18.0.0&TYPENC=D&SUPD_STS=1&SUPD_URS=0&SUPD_DBS=MYSQL&XE=N&CLIENT_SITE=fk62.ru&CHHB=fk62.ru&CSAB=127.0.0.1&SUID=d9bb5d25ddb184c77ea650256b3d348c&CANGZIP=Y&CLIENT_PHPVER=7.1.9&stable=Y&NGINX=Y&rerere=Y&bitm_main=18.0.0&bitm_fileman=18.0.0&bitm_landing=18.3.0&bitm_clouds=17.0.2&bitm_socialservices=17.5.4&bitm_subscribe=17.5.0&bitm_perfmon=17.0.1&bitm_pull=17.5.4&bitm_b24connector=17.5.0&bitm_forum=17.5.5&bitm_sender=18.0.0&bitm_catalog=17.6.2&bitm_sale=17.8.19&bitm_conversion=17.5.0&bitm_report=18.0.4&bitm_security=17.0.2&bitm_rest=18.0.1&bitm_search=17.5.1&bitm_bitrixcloud=17.5.0&bitm_iblock=17.6.3&bitm_seo=18.0.0&bitm_highloadblock=17.5.0&bitm_photogallery=17.0.2&bitm_currency=17.5.4&bitm_translate=16.0.0&bitm_eshopapp=16.5.0&bitm_mobileapp=17.5.1&bitm_ui=17.6.0&bitm_compression=16.0.0&bitm_form=17.0.1&bitm_blog=17.6.1&bitm_abtest=17.5.0&bitm_messageservice=18.0.0&bitm_storeassist=16.0.1&bitm_vote=17.5.1&bitm_scale=17.5.0&bitl_ru=&bitl_en=&SUPD_OFC=Small&SUPD_SRS=RU&SUPD_CMP=N&SALE_15=Y&LICENSE_SIGNED=%7Enew_license18_0_sign-Y
2018-06-06 11:06:35 -  - exec CUpdateClient::GetHTTPPage
2018-06-06 11:06:35 -  - TIME GetUpdatesList(request) 0.199 sec
2018-06-06 11:06:35 -  - exec CUpdateClient::ParseServerData
2018-06-06 11:06:51 -  - exec CUpdateClient::RegisterVersion
2018-06-06 11:06:51 -  - exec CUpdateClient::CollectRequestData
2018-06-06 11:06:51 -  - LICENSE_KEY=X&lang=ru&SUPD_VER=18.0.0&VERSION=18.0.0&TYPENC=D&SUPD_STS=1&SUPD_URS=0&SUPD_DBS=MYSQL&XE=N&CLIENT_SITE=fk62.ru&CHHB=fk62.ru&CSAB=127.0.0.1&SUID=d9bb5d25ddb184c77ea650256b3d348c&CANGZIP=Y&CLIENT_PHPVER=7.1.9&stable=Y&NGINX=Y&rerere=Y&bitm_main=18.0.0&bitm_fileman=18.0.0&bitm_landing=18.3.0&bitm_clouds=17.0.2&bitm_socialservices=17.5.4&bitm_subscribe=17.5.0&bitm_perfmon=17.0.1&bitm_pull=17.5.4&bitm_b24connector=17.5.0&bitm_forum=17.5.5&bitm_sender=18.0.0&bitm_catalog=17.6.2&bitm_sale=17.8.19&bitm_conversion=17.5.0&bitm_report=18.0.4&bitm_security=17.0.2&bitm_rest=18.0.1&bitm_search=17.5.1&bitm_bitrixcloud=17.5.0&bitm_iblock=17.6.3&bitm_seo=18.0.0&bitm_highloadblock=17.5.0&bitm_photogallery=17.0.2&bitm_currency=17.5.4&bitm_translate=16.0.0&bitm_eshopapp=16.5.0&bitm_mobileapp=17.5.1&bitm_ui=17.6.0&bitm_compression=16.0.0&bitm_form=17.0.1&bitm_blog=17.6.1&bitm_abtest=17.5.0&bitm_messageservice=18.0.0&bitm_storeassist=16.0.1&bitm_vote=17.5.1&bitm_scale=17.5.0&bitl_ru=&bitl_en=&SUPD_OFC=Small&SUPD_SRS=RU&SUPD_CMP=N&SALE_15=Y&LICENSE_SIGNED=%7Enew_license18_0_sign-Y&query_type=register
2018-06-06 11:06:51 -  - exec CUpdateClient::GetHTTPPage
2018-06-06 11:06:51 -  - TIME RegisterVersion(request) 0.207 sec
2018-06-06 11:06:51 -  - exec CUpdateClient::UnGzipArchive
2018-06-06 11:06:51 -  - TIME UnGzipArchive 0.003 sec
2018-06-06 11:06:51 -  - exec CUpdateClient::ParseServerData
2018-06-06 11:06:51 - CURV - Product registered successfully!
2018-06-06 11:06:51 - UPD_SUCCESS - Registered
2018-06-06 11:08:47 -  - exec CUpdateClient::ActivateCoupon
2018-06-06 11:08:47 -  - exec CUpdateClient::CollectRequestData
2018-06-06 11:08:47 -  - LICENSE_KEY=X&lang=ru&SUPD_VER=18.0.0&VERSION=18.0.0&TYPENC=E&SUPD_STS=1&SUPD_URS=0&SUPD_DBS=MYSQL&XE=N&CLIENT_SITE=fk62.ru&CHHB=fk62.ru&CSAB=127.0.0.1&SUID=d9bb5d25ddb184c77ea650256b3d348c&CANGZIP=Y&CLIENT_PHPVER=7.1.9&stable=Y&NGINX=Y&rerere=Y&bitm_main=18.0.0&bitm_fileman=18.0.0&bitm_landing=18.3.0&bitm_clouds=17.0.2&bitm_socialservices=17.5.4&bitm_subscribe=17.5.0&bitm_perfmon=17.0.1&bitm_pull=17.5.4&bitm_b24connector=17.5.0&bitm_forum=17.5.5&bitm_sender=18.0.0&bitm_catalog=17.6.2&bitm_sale=17.8.19&bitm_conversion=17.5.0&bitm_report=18.0.4&bitm_security=17.0.2&bitm_rest=18.0.1&bitm_search=17.5.1&bitm_bitrixcloud=17.5.0&bitm_iblock=17.6.3&bitm_seo=18.0.0&bitm_highloadblock=17.5.0&bitm_photogallery=17.0.2&bitm_currency=17.5.4&bitm_translate=16.0.0&bitm_eshopapp=16.5.0&bitm_mobileapp=17.5.1&bitm_ui=17.6.0&bitm_compression=16.0.0&bitm_form=17.0.1&bitm_blog=17.6.1&bitm_abtest=17.5.0&bitm_messageservice=18.0.0&bitm_storeassist=16.0.1&bitm_vote=17.5.1&bitm_scale=17.5.0&bitl_ru=&bitl_en=&SUPD_OFC=Small&SUPD_SRS=RU&SUPD_CMP=N&SALE_15=Y&LICENSE_SIGNED=%7Enew_license18_0_sign-Y&coupon=MPX-PUBM1A0MUW-V7I9MVISLO&query_type=coupon
2018-06-06 11:08:47 -  - exec CUpdateClient::GetHTTPPage
2018-06-06 11:08:47 -  - TIME ActivateCoupon(request) 0.208 sec
2018-06-06 11:08:47 -  - exec CUpdateClient::ParseServerData
2018-06-06 11:08:47 - UPD_SUCCESS - Coupon activated
2018-06-06 11:08:49 -  - exec CUpdateClient::GetUpdatesList
2018-06-06 11:08:49 -  - exec CUpdateClient::CollectRequestData
2018-06-06 11:08:49 -  - LICENSE_KEY=X&lang=ru&SUPD_VER=18.0.0&VERSION=18.0.0&TYPENC=E&SUPD_STS=1&SUPD_URS=0&SUPD_DBS=MYSQL&XE=N&CLIENT_SITE=fk62.ru&CHHB=fk62.ru&CSAB=127.0.0.1&SUID=d9bb5d25ddb184c77ea650256b3d348c&CANGZIP=Y&CLIENT_PHPVER=7.1.9&stable=Y&NGINX=Y&rerere=Y&bitm_main=18.0.0&bitm_fileman=18.0.0&bitm_landing=18.3.0&bitm_clouds=17.0.2&bitm_socialservices=17.5.4&bitm_subscribe=17.5.0&bitm_perfmon=17.0.1&bitm_pull=17.5.4&bitm_b24connector=17.5.0&bitm_forum=17.5.5&bitm_sender=18.0.0&bitm_catalog=17.6.2&bitm_sale=17.8.19&bitm_conversion=17.5.0&bitm_report=18.0.4&bitm_security=17.0.2&bitm_rest=18.0.1&bitm_search=17.5.1&bitm_bitrixcloud=17.5.0&bitm_iblock=17.6.3&bitm_seo=18.0.0&bitm_highloadblock=17.5.0&bitm_photogallery=17.0.2&bitm_currency=17.5.4&bitm_translate=16.0.0&bitm_eshopapp=16.5.0&bitm_mobileapp=17.5.1&bitm_ui=17.6.0&bitm_compression=16.0.0&bitm_form=17.0.1&bitm_blog=17.6.1&bitm_abtest=17.5.0&bitm_messageservice=18.0.0&bitm_storeassist=16.0.1&bitm_vote=17.5.1&bitm_scale=17.5.0&bitl_ru=&bitl_en=&SUPD_OFC=Small&SUPD_SRS=RU&SUPD_CMP=N&SALE_15=Y&LICENSE_SIGNED=%7Enew_license18_0_sign-Y
2018-06-06 11:08:49 -  - exec CUpdateClient::GetHTTPPage
2018-06-06 11:08:50 -  - TIME GetUpdatesList(request) 0.204 sec
2018-06-06 11:08:50 -  - exec CUpdateClient::ParseServerData
2018-06-06 11:12:11 - CRUPDCF1 - Run updater '/bitrix/updates/update_m1528272731/aspro.next/updater1.0.1.php': CopyFiles(install, modules/aspro.next/install)
2018-06-06 11:12:11 - CRUPDCF1 - Run updater '/bitrix/updates/update_m1528272731/aspro.next/updater1.0.1.php': CopyFiles(install/images, images/aspro.next)
2018-06-06 11:12:11 - CRUPDCF1 - Run updater '/bitrix/updates/update_m1528272731/aspro.next/updater1.0.1.php': CopyFiles(install/wizards, wizards)
2018-06-06 11:12:12 - CRUPDCF1 - Run updater '/bitrix/updates/update_m1528272732/aspro.next/updater1.0.2.php': CopyFiles(install, modules/aspro.next/install)
2018-06-06 11:12:12 - CRUPDCF1 - Run updater '/bitrix/updates/update_m1528272732/aspro.next/updater1.0.2.php': CopyFiles(install/wizards, wizards)
2018-06-06 11:12:13 - CRUPDCF1 - Run updater '/bitrix/updates/update_m1528272733/aspro.next/updater1.0.3.php': CopyFiles(install, modules/aspro.next/install)
2018-06-06 11:12:13 - CRUPDCF1 - Run updater '/bitrix/updates/update_m1528272733/aspro.next/updater1.0.3.php': CopyFiles(install/wizards, wizards)
2018-06-06 11:12:14 - CRUPDCF1 - Run updater '/bitrix/updates/update_m1528272734/aspro.next/updater1.0.4.php': CopyFiles(install, modules/aspro.next/install)
2018-06-06 11:12:14 - CRUPDCF1 - Run updater '/bitrix/updates/update_m1528272734/aspro.next/updater1.0.4.php': CopyFiles(install/wizards, wizards)
2018-06-06 11:12:15 - CRUPDCF1 - Run updater '/bitrix/updates/update_m1528272735/aspro.next/updater1.0.5.php': CopyFiles(install, modules/aspro.next/install)
2018-06-06 11:12:15 - CRUPDCF1 - Run updater '/bitrix/updates/update_m1528272735/aspro.next/updater1.0.5.php': CopyFiles(install/admin, admin)
2018-06-06 11:12:15 - CRUPDCF1 - Run updater '/bitrix/updates/update_m1528272735/aspro.next/updater1.0.5.php': CopyFiles(install/wizards, wizards)
2018-06-06 11:12:17 - CRUPDCF1 - Run updater '/bitrix/updates/update_m1528272736/aspro.next/updater1.0.6.php': CopyFiles(install, modules/aspro.next/install)
2018-06-06 11:12:17 - CRUPDCF1 - Run updater '/bitrix/updates/update_m1528272736/aspro.next/updater1.0.6.php': CopyFiles(install/wizards, wizards)
2018-06-06 11:12:19 - CRUPDCF1 - Run updater '/bitrix/updates/update_m1528272739/aspro.next/updater1.0.7.php': CopyFiles(install, modules/aspro.next/install)
2018-06-06 11:12:19 - CRUPDCF1 - Run updater '/bitrix/updates/update_m1528272739/aspro.next/updater1.0.7.php': CopyFiles(install/js, js/aspro.next/)
2018-06-06 11:12:19 - CRUPDCF1 - Run updater '/bitrix/updates/update_m1528272739/aspro.next/updater1.0.7.php': CopyFiles(lib, lib)
2018-06-06 11:12:19 - CRUPDCF1 - Run updater '/bitrix/updates/update_m1528272739/aspro.next/updater1.0.7.php': CopyFiles(install/wizards, wizards)
2018-06-06 11:12:21 - CRUPDCF1 - Run updater '/bitrix/updates/update_m1528272741/aspro.next/updater1.0.8.php': CopyFiles(install, modules/aspro.next/install)
2018-06-06 11:12:21 - CRUPDCF1 - Run updater '/bitrix/updates/update_m1528272741/aspro.next/updater1.0.8.php': CopyFiles(install/wizards, wizards)
2018-06-06 11:12:22 - CRUPDCF1 - Run updater '/bitrix/updates/update_m1528272742/aspro.next/updater1.0.9.php': CopyFiles(install, modules/aspro.next/install)
2018-06-06 11:12:22 - CRUPDCF1 - Run updater '/bitrix/updates/update_m1528272742/aspro.next/updater1.0.9.php': CopyFiles(install/wizards, wizards)
2018-06-06 11:12:23 - CRUPDCF1 - Run updater '/bitrix/updates/update_m1528272743/aspro.next/updater1.0.10.php': CopyFiles(install, modules/aspro.next/install)
2018-06-06 11:12:23 - CRUPDCF1 - Run updater '/bitrix/updates/update_m1528272743/aspro.next/updater1.0.10.php': CopyFiles(preset, preset)
2018-06-06 11:12:23 - CRUPDCF1 - Run updater '/bitrix/updates/update_m1528272743/aspro.next/updater1.0.10.php': CopyFiles(install/wizards, wizards)
2018-06-06 11:12:25 - CRUPDCF1 - Run updater '/bitrix/updates/update_m1528272744/aspro.next/updater1.0.11.php': CopyFiles(install, modules/aspro.next/install)
2018-06-06 11:12:25 - CRUPDCF1 - Run updater '/bitrix/updates/update_m1528272744/aspro.next/updater1.0.11.php': CopyFiles(install/wizards, wizards)
2018-06-06 11:12:26 - CRUPDCF1 - Run updater '/bitrix/updates/update_m1528272746/aspro.next/updater1.0.12.php': CopyFiles(install, modules/aspro.next/install)
2018-06-06 11:12:26 - CRUPDCF1 - Run updater '/bitrix/updates/update_m1528272746/aspro.next/updater1.0.12.php': CopyFiles(install/images, images/aspro.next)
2018-06-06 11:12:26 - CRUPDCF1 - Run updater '/bitrix/updates/update_m1528272746/aspro.next/updater1.0.12.php': CopyFiles(install/wizards, wizards)
2018-06-06 11:12:28 - CRUPDCF1 - Run updater '/bitrix/updates/update_m1528272747/aspro.next/updater1.1.0.php': CopyFiles(install, modules/aspro.next/install)
2018-06-06 11:12:28 - CRUPDCF1 - Run updater '/bitrix/updates/update_m1528272747/aspro.next/updater1.1.0.php': CopyFiles(install/admin, admin)
2018-06-06 11:12:28 - CRUPDCF1 - Run updater '/bitrix/updates/update_m1528272747/aspro.next/updater1.1.0.php': CopyFiles(install/css, css/aspro.next/)
2018-06-06 11:12:28 - CRUPDCF1 - Run updater '/bitrix/updates/update_m1528272747/aspro.next/updater1.1.0.php': CopyFiles(install/wizards, wizards)
2018-06-06 11:12:29 - CRUPDCF1 - Run updater '/bitrix/updates/update_m1528272749/aspro.next/updater1.1.1.php': CopyFiles(install, modules/aspro.next/install)
2018-06-06 11:12:29 - CRUPDCF1 - Run updater '/bitrix/updates/update_m1528272749/aspro.next/updater1.1.1.php': CopyFiles(install/admin, admin)
2018-06-06 11:12:29 - CRUPDCF1 - Run updater '/bitrix/updates/update_m1528272749/aspro.next/updater1.1.1.php': CopyFiles(install/wizards, wizards)
2018-06-06 11:12:31 - CRUPDCF1 - Run updater '/bitrix/updates/update_m1528272750/aspro.next/updater1.1.2.php': CopyFiles(install, modules/aspro.next/install)
2018-06-06 11:12:31 - CRUPDCF1 - Run updater '/bitrix/updates/update_m1528272750/aspro.next/updater1.1.2.php': CopyFiles(lib, lib)
2018-06-06 11:12:31 - CRUPDCF1 - Run updater '/bitrix/updates/update_m1528272750/aspro.next/updater1.1.2.php': CopyFiles(install/wizards, wizards)
2018-06-06 11:12:32 - CRUPDCF1 - Run updater '/bitrix/updates/update_m1528272752/aspro.next/updater1.1.3.php': CopyFiles(install, modules/aspro.next/install)
2018-06-06 11:12:33 - CRUPDCF1 - Run updater '/bitrix/updates/update_m1528272752/aspro.next/updater1.1.3.php': CopyFiles(lib, lib)
2018-06-06 11:12:33 - CRUPDCF1 - Run updater '/bitrix/updates/update_m1528272752/aspro.next/updater1.1.3.php': CopyFiles(install/wizards, wizards)
2018-06-06 11:12:34 - CRUPDCF1 - Run updater '/bitrix/updates/update_m1528272754/aspro.next/updater1.1.4.php': CopyFiles(install, modules/aspro.next/install)
2018-06-06 11:12:35 - CRUPDCF1 - Run updater '/bitrix/updates/update_m1528272754/aspro.next/updater1.1.4.php': CopyFiles(install/images, images/aspro.next)
2018-06-06 11:12:35 - CRUPDCF1 - Run updater '/bitrix/updates/update_m1528272754/aspro.next/updater1.1.4.php': CopyFiles(install/css, css/aspro.next/)
2018-06-06 11:12:35 - CRUPDCF1 - Run updater '/bitrix/updates/update_m1528272754/aspro.next/updater1.1.4.php': CopyFiles(install/wizards, wizards)
2018-06-06 11:12:36 - CRUPDCF1 - Run updater '/bitrix/updates/update_m1528272755/aspro.next/updater1.1.5.php': CopyFiles(install, modules/aspro.next/install)
2018-06-06 11:12:36 - CRUPDCF1 - Run updater '/bitrix/updates/update_m1528272755/aspro.next/updater1.1.5.php': CopyFiles(install/wizards, wizards)
2018-06-06 11:12:37 - CRUPDCF1 - Run updater '/bitrix/updates/update_m1528272757/aspro.next/updater1.1.6.php': CopyFiles(install, modules/aspro.next/install)
2018-06-06 11:12:38 - CRUPDCF1 - Run updater '/bitrix/updates/update_m1528272757/aspro.next/updater1.1.6.php': CopyFiles(install/wizards, wizards)
2018-06-06 11:17:53 -  - exec CUpdateClient::GetUpdatesList
2018-06-06 11:17:53 -  - exec CUpdateClient::CollectRequestData
2018-06-06 11:17:53 -  - LICENSE_KEY=X&lang=ru&SUPD_VER=18.0.0&VERSION=18.0.0&TYPENC=E&SUPD_STS=1&SUPD_URS=0&SUPD_DBS=MYSQL&XE=N&CLIENT_SITE=fk62.ru&CHHB=fk62.ru&CSAB=127.0.0.1&SUID=d9bb5d25ddb184c77ea650256b3d348c&CANGZIP=Y&CLIENT_PHPVER=7.1.9&stable=Y&NGINX=Y&rerere=Y&bitm_main=18.0.0&bitm_fileman=18.0.0&bitm_landing=18.3.0&bitm_clouds=17.0.2&bitm_socialservices=17.5.4&bitm_subscribe=17.5.0&bitm_perfmon=17.0.1&bitm_pull=17.5.4&bitm_b24connector=17.5.0&bitm_forum=17.5.5&bitm_sender=18.0.0&bitm_catalog=17.6.2&bitm_sale=17.8.19&bitm_conversion=17.5.0&bitm_report=18.0.4&bitm_security=17.0.2&bitm_rest=18.0.1&bitm_search=17.5.1&bitm_bitrixcloud=17.5.0&bitm_iblock=17.6.3&bitm_seo=18.0.0&bitm_highloadblock=17.5.0&bitm_photogallery=17.0.2&bitm_currency=17.5.4&bitm_translate=16.0.0&bitm_eshopapp=16.5.0&bitm_mobileapp=17.5.1&bitm_ui=17.6.0&bitm_compression=16.0.0&bitm_form=17.0.1&bitm_blog=17.6.1&bitm_abtest=17.5.0&bitm_messageservice=18.0.0&bitm_storeassist=16.0.1&bitm_vote=17.5.1&bitm_scale=17.5.0&bitl_ru=&bitl_en=&SUPD_OFC=Small&SUPD_SRS=RU&SUPD_CMP=N&SALE_15=Y&LICENSE_SIGNED=%7Enew_license18_0_sign-Y
2018-06-06 11:17:53 -  - exec CUpdateClient::GetHTTPPage
2018-06-06 11:17:53 -  - TIME GetUpdatesList(request) 0.229 sec
2018-06-06 11:17:53 -  - exec CUpdateClient::ParseServerData
