2018-06-06 10:23:37 -  - exec CUpdateClientPartner::SearchModulesEx
2018-06-06 10:23:37 -  - exec CUpdateClientPartner::__CollectRequestData
2018-06-06 10:23:37 -  - utf=Y&lang=ru&stable=Y&CANGZIP=Y&SUPD_DBS=MYSQL&XE=N&CLIENT_SITE=fk62.ru&LICENSE_KEY=X&SUPD_STS=1&SUPD_URS=0&SUPD_URSA=1&TYPENC=D&CLIENT_PHPVER=7.1.9&NGINX=Y&dbv=5.6.39&instm=main%2C18.0.0%2CY%3Bfileman%2C17.5.12%2CN%3Blanding%2C18.3.0%2CN%3Bclouds%2C17.0.2%2CN%3Bsocialservices%2C17.5.4%2CN%3Bsubscribe%2C17.5.0%2CN%3Bperfmon%2C17.0.1%2CN%3Bpull%2C17.5.4%2CN%3Bb24connector%2C17.5.0%2CN%3Bforum%2C17.5.5%2CN%3Bsender%2C18.0.0%2CN%3Bcatalog%2C17.6.2%2CN%3Bsale%2C17.8.19%2CN%3Bbitrix.eshop%2C17.5.0%2CN%3Bconversion%2C17.5.0%2CN%3Breport%2C18.0.4%2CN%3Bsecurity%2C17.0.2%2CN%3Brest%2C18.0.0%2CN%3Bsearch%2C17.5.1%2CN%3Bbitrixcloud%2C17.5.0%2CN%3Biblock%2C17.6.3%2CN%3Bseo%2C18.0.0%2CN%3Bhighloadblock%2C17.5.0%2CN%3Bphotogallery%2C17.0.2%2CN%3Bcurrency%2C17.5.4%2CN%3Btranslate%2C16.0.0%2CN%3Bbitrix.sitecorporate%2C15.5.0%2CN%3Beshopapp%2C16.5.0%2CN%3Bmobileapp%2C17.5.1%2CN%3Bui%2C17.6.0%2CN%3Bcompression%2C16.0.0%2CN%3Bform%2C17.0.1%2CN%3Bblog%2C17.6.1%2CN%3Babtest%2C17.5.0%2CN%3Bmessageservice%2C18.0.0%2CN%3Bstoreassist%2C16.0.1%2CN%3Bvote%2C17.5.1%2CN%3Bscale%2C17.5.0%2CN&search_module_id=&search_module=&search_category=7%2C14&search_type=&search_order=DESC&search_order_by=SORT&search_page=1&SUPD_SRS=RU&SUPD_CMP=N
2018-06-06 10:23:37 -  - exec CUpdateClientPartner::GetHTTPPage
2018-06-06 10:23:38 -  - TIME SearchModulesEx(request) 1.195 sec
2018-06-06 10:23:38 -  - exec CUpdateClientPartner::ParseServerData
2018-06-06 10:45:29 -  - exec CUpdateClientPartner::__CollectRequestData
2018-06-06 10:45:29 -  - exec CUpdateClientPartner::GetHTTPPage
2018-06-06 10:45:29 -  - exec CUpdateClientPartner::ParseServerData
2018-06-06 10:45:29 -  - exec CUpdateClientPartner::GetUpdatesList
2018-06-06 10:45:29 -  - exec CUpdateClientPartner::__CollectRequestData
2018-06-06 10:45:29 -  - utf=Y&lang=ru&stable=Y&CANGZIP=Y&SUPD_DBS=MYSQL&XE=N&CLIENT_SITE=fk62.ru&LICENSE_KEY=X&SUPD_STS=1&SUPD_URS=0&SUPD_URSA=1&TYPENC=D&CLIENT_PHPVER=7.1.9&NGINX=Y&dbv=5.6.39&instm=main%2C18.0.0%2CY%3Bfileman%2C17.5.12%2CN%3Blanding%2C18.3.0%2CN%3Bclouds%2C17.0.2%2CN%3Bsocialservices%2C17.5.4%2CN%3Bsubscribe%2C17.5.0%2CN%3Bperfmon%2C17.0.1%2CN%3Bpull%2C17.5.4%2CN%3Bb24connector%2C17.5.0%2CN%3Bforum%2C17.5.5%2CN%3Bsender%2C18.0.0%2CN%3Bcatalog%2C17.6.2%2CN%3Bsale%2C17.8.19%2CN%3Bbitrix.eshop%2C17.5.0%2CN%3Bconversion%2C17.5.0%2CN%3Breport%2C18.0.4%2CN%3Bsecurity%2C17.0.2%2CN%3Brest%2C18.0.0%2CN%3Bsearch%2C17.5.1%2CN%3Bbitrixcloud%2C17.5.0%2CN%3Biblock%2C17.6.3%2CN%3Bseo%2C18.0.0%2CN%3Bhighloadblock%2C17.5.0%2CN%3Bphotogallery%2C17.0.2%2CN%3Bcurrency%2C17.5.4%2CN%3Btranslate%2C16.0.0%2CN%3Bbitrix.sitecorporate%2C15.5.0%2CN%3Beshopapp%2C16.5.0%2CN%3Bmobileapp%2C17.5.1%2CN%3Bui%2C17.6.0%2CN%3Bcompression%2C16.0.0%2CN%3Bform%2C17.0.1%2CN%3Bblog%2C17.6.1%2CN%3Babtest%2C17.5.0%2CN%3Bmessageservice%2C18.0.0%2CN%3Bstoreassist%2C16.0.1%2CN%3Bvote%2C17.5.1%2CN%3Bscale%2C17.5.0%2CN&reqm=bitrix.eshop%2Cbitrix.sitecorporate&fullmoduleinfo=Y&SUPD_SRS=RU&SUPD_CMP=N
2018-06-06 10:45:29 -  - exec CUpdateClientPartner::GetHTTPPage
2018-06-06 10:45:30 -  - TIME GetUpdatesList(request) 0.526 sec
2018-06-06 10:45:30 -  - exec CUpdateClientPartner::ParseServerData
2018-06-06 10:45:30 -  - exec CUpdateClientPartner::__CollectRequestData
2018-06-06 10:45:30 -  - exec CUpdateClientPartner::GetHTTPPage
2018-06-06 10:45:30 -  - exec CUpdateClientPartner::ParseServerData
2018-06-06 11:09:29 -  - exec CUpdateClientPartner::GetUpdatesList
2018-06-06 11:09:29 -  - exec CUpdateClientPartner::__CollectRequestData
2018-06-06 11:09:29 -  - utf=Y&lang=ru&stable=Y&CANGZIP=Y&SUPD_DBS=MYSQL&XE=N&CLIENT_SITE=fk62.ru&LICENSE_KEY=X&SUPD_STS=1&SUPD_URS=0&SUPD_URSA=1&TYPENC=E&CLIENT_PHPVER=7.1.9&NGINX=Y&dbv=5.6.39&instm=main%2C18.0.0%2CN%3Bfileman%2C18.0.0%2CN%3Blanding%2C18.3.0%2CN%3Bclouds%2C17.0.2%2CN%3Bsocialservices%2C17.5.4%2CN%3Bsubscribe%2C17.5.0%2CN%3Bperfmon%2C17.0.1%2CN%3Bpull%2C17.5.4%2CN%3Bb24connector%2C17.5.0%2CN%3Bforum%2C17.5.5%2CN%3Bsender%2C18.0.0%2CN%3Bcatalog%2C17.6.2%2CN%3Bsale%2C17.8.19%2CN%3Bbitrix.eshop%2C17.5.0%2CN%3Bconversion%2C17.5.0%2CN%3Breport%2C18.0.4%2CN%3Bsecurity%2C17.0.2%2CN%3Brest%2C18.0.1%2CN%3Bsearch%2C17.5.1%2CN%3Bbitrixcloud%2C17.5.0%2CN%3Biblock%2C17.6.3%2CN%3Bseo%2C18.0.0%2CN%3Bhighloadblock%2C17.5.0%2CN%3Bphotogallery%2C17.0.2%2CN%3Bcurrency%2C17.5.4%2CN%3Btranslate%2C16.0.0%2CN%3Bbitrix.sitecorporate%2C15.5.0%2CN%3Beshopapp%2C16.5.0%2CN%3Bmobileapp%2C17.5.1%2CN%3Bui%2C17.6.0%2CN%3Bcompression%2C16.0.0%2CN%3Bform%2C17.0.1%2CN%3Bblog%2C17.6.1%2CN%3Babtest%2C17.5.0%2CN%3Bmessageservice%2C18.0.0%2CN%3Bstoreassist%2C16.0.1%2CN%3Bvote%2C17.5.1%2CN%3Bscale%2C17.5.0%2CN&reqm=bitrix.eshop%2Cbitrix.sitecorporate&SUPD_SRS=RU&SUPD_CMP=N
2018-06-06 11:09:29 -  - exec CUpdateClientPartner::GetHTTPPage
2018-06-06 11:09:29 -  - TIME GetUpdatesList(request) 0.334 sec
2018-06-06 11:09:29 -  - exec CUpdateClientPartner::ParseServerData
2018-06-06 11:12:00 -  - exec CUpdateClientPartner::LoadModulesUpdates
2018-06-06 11:12:00 -  - exec CUpdateClientPartner::__CollectRequestData
2018-06-06 11:12:00 -  - utf=Y&lang=ru&stable=Y&CANGZIP=Y&SUPD_DBS=MYSQL&XE=N&CLIENT_SITE=fk62.ru&LICENSE_KEY=X&SUPD_STS=1&SUPD_URS=0&SUPD_URSA=1&TYPENC=E&CLIENT_PHPVER=7.1.9&NGINX=Y&dbv=5.6.39&instm=main%2C18.0.0%2CN%3Bfileman%2C18.0.0%2CN%3Blanding%2C18.3.0%2CN%3Bclouds%2C17.0.2%2CN%3Bsocialservices%2C17.5.4%2CN%3Bsubscribe%2C17.5.0%2CN%3Bperfmon%2C17.0.1%2CN%3Bpull%2C17.5.4%2CN%3Bb24connector%2C17.5.0%2CN%3Bforum%2C17.5.5%2CN%3Bsender%2C18.0.0%2CN%3Bcatalog%2C17.6.2%2CN%3Bsale%2C17.8.19%2CN%3Bbitrix.eshop%2C17.5.0%2CN%3Bconversion%2C17.5.0%2CN%3Breport%2C18.0.4%2CN%3Bsecurity%2C17.0.2%2CN%3Brest%2C18.0.1%2CN%3Bsearch%2C17.5.1%2CN%3Bbitrixcloud%2C17.5.0%2CN%3Biblock%2C17.6.3%2CN%3Bseo%2C18.0.0%2CN%3Bhighloadblock%2C17.5.0%2CN%3Bphotogallery%2C17.0.2%2CN%3Bcurrency%2C17.5.4%2CN%3Btranslate%2C16.0.0%2CN%3Bbitrix.sitecorporate%2C15.5.0%2CN%3Beshopapp%2C16.5.0%2CN%3Bmobileapp%2C17.5.1%2CN%3Bui%2C17.6.0%2CN%3Bcompression%2C16.0.0%2CN%3Bform%2C17.0.1%2CN%3Bblog%2C17.6.1%2CN%3Babtest%2C17.5.0%2CN%3Bmessageservice%2C18.0.0%2CN%3Bstoreassist%2C16.0.1%2CN%3Bvote%2C17.5.1%2CN%3Bscale%2C17.5.0%2CN&reqm=aspro.next&lim=Y&SUPD_SRS=RU&SUPD_CMP=N
2018-06-06 11:12:00 -  - exec CUpdateClientPartner::GetHTTPPage
2018-06-06 11:12:01 -  - TIME LoadModulesUpdates(request) 0.266 sec
2018-06-06 11:12:01 -  - exec CUpdateClientPartner::ParseServerData
2018-06-06 11:12:01 - S - STEP
2018-06-06 11:12:01 - LMU01 - LoadModulesUpdates-Step
2018-06-06 11:12:01 -  - exec CUpdateClientPartner::LoadModulesUpdates
2018-06-06 11:12:01 -  - exec CUpdateClientPartner::ParseServerData
2018-06-06 11:12:01 -  - loadFile
2018-06-06 11:12:04 - U - RETURN
2018-06-06 11:12:04 -  - exec CUpdateClientPartner::UnGzipArchive
2018-06-06 11:12:07 -  - TIME UnGzipArchive 2.919 sec
2018-06-06 11:12:10 -  - TIME UpdateStepModules 2.353 sec
2018-06-06 11:12:10 - UPD_SUCCESS - Updated: aspro.next
2018-06-06 11:12:10 -  - exec CUpdateClientPartner::LoadModulesUpdates
2018-06-06 11:12:10 -  - exec CUpdateClientPartner::__CollectRequestData
2018-06-06 11:12:10 -  - utf=Y&lang=ru&stable=Y&CANGZIP=Y&SUPD_DBS=MYSQL&XE=N&CLIENT_SITE=fk62.ru&LICENSE_KEY=X&SUPD_STS=1&SUPD_URS=0&SUPD_URSA=1&TYPENC=E&CLIENT_PHPVER=7.1.9&NGINX=Y&dbv=5.6.39&instm=main%2C18.0.0%2CN%3Bfileman%2C18.0.0%2CN%3Blanding%2C18.3.0%2CN%3Bclouds%2C17.0.2%2CN%3Bsocialservices%2C17.5.4%2CN%3Bsubscribe%2C17.5.0%2CN%3Bperfmon%2C17.0.1%2CN%3Bpull%2C17.5.4%2CN%3Bb24connector%2C17.5.0%2CN%3Bforum%2C17.5.5%2CN%3Bsender%2C18.0.0%2CN%3Bcatalog%2C17.6.2%2CN%3Bsale%2C17.8.19%2CN%3Bbitrix.eshop%2C17.5.0%2CN%3Bconversion%2C17.5.0%2CN%3Breport%2C18.0.4%2CN%3Bsecurity%2C17.0.2%2CN%3Brest%2C18.0.1%2CN%3Bsearch%2C17.5.1%2CN%3Bbitrixcloud%2C17.5.0%2CN%3Biblock%2C17.6.3%2CN%3Bseo%2C18.0.0%2CN%3Bhighloadblock%2C17.5.0%2CN%3Bphotogallery%2C17.0.2%2CN%3Bcurrency%2C17.5.4%2CN%3Btranslate%2C16.0.0%2CN%3Bbitrix.sitecorporate%2C15.5.0%2CN%3Beshopapp%2C16.5.0%2CN%3Bmobileapp%2C17.5.1%2CN%3Bui%2C17.6.0%2CN%3Bcompression%2C16.0.0%2CN%3Bform%2C17.0.1%2CN%3Bblog%2C17.6.1%2CN%3Babtest%2C17.5.0%2CN%3Bmessageservice%2C18.0.0%2CN%3Bstoreassist%2C16.0.1%2CN%3Bvote%2C17.5.1%2CN%3Bscale%2C17.5.0%2CN%3Baspro.next%2C1.0.0%2CN&reqm=aspro.next&lim=Y&SUPD_SRS=RU&SUPD_CMP=N
2018-06-06 11:12:10 -  - exec CUpdateClientPartner::GetHTTPPage
2018-06-06 11:12:10 -  - TIME LoadModulesUpdates(request) 0.309 sec
2018-06-06 11:12:10 -  - exec CUpdateClientPartner::ParseServerData
2018-06-06 11:12:10 - S - STEP
2018-06-06 11:12:10 - LMU01 - LoadModulesUpdates-Step
2018-06-06 11:12:10 -  - exec CUpdateClientPartner::LoadModulesUpdates
2018-06-06 11:12:10 -  - exec CUpdateClientPartner::ParseServerData
2018-06-06 11:12:10 -  - loadFile
2018-06-06 11:12:11 - U - RETURN
2018-06-06 11:12:11 -  - exec CUpdateClientPartner::UnGzipArchive
2018-06-06 11:12:11 -  - TIME UnGzipArchive 0.069 sec
2018-06-06 11:12:11 - CSURUS1 - Run updater '/bitrix/updates/update_m1528272731/aspro.next/updater1.0.1.php'
2018-06-06 11:12:11 -  - TIME UpdateStepModules 0.157 sec
2018-06-06 11:12:11 - UPD_SUCCESS - Updated: aspro.next (1.0.1)<br><b>Новое в версии:</b> <ul> <li>Добавлен новый тип выпадающего меню каталога у второй шапки</li> </ul> <br /> <b>Внимание!!! Перед установкой обновления ОБЯЗАТЕЛЬНО выполните полное резервное копирование сайта. Если вы вносили изменения в шаблон решения, то дополнительно скопируйте всю папку шаблона!</b><br />
2018-06-06 11:12:11 -  - exec CUpdateClientPartner::LoadModulesUpdates
2018-06-06 11:12:11 -  - exec CUpdateClientPartner::__CollectRequestData
2018-06-06 11:12:11 -  - utf=Y&lang=ru&stable=Y&CANGZIP=Y&SUPD_DBS=MYSQL&XE=N&CLIENT_SITE=fk62.ru&LICENSE_KEY=X&SUPD_STS=1&SUPD_URS=0&SUPD_URSA=1&TYPENC=E&CLIENT_PHPVER=7.1.9&NGINX=Y&dbv=5.6.39&instm=main%2C18.0.0%2CN%3Bfileman%2C18.0.0%2CN%3Blanding%2C18.3.0%2CN%3Bclouds%2C17.0.2%2CN%3Bsocialservices%2C17.5.4%2CN%3Bsubscribe%2C17.5.0%2CN%3Bperfmon%2C17.0.1%2CN%3Bpull%2C17.5.4%2CN%3Bb24connector%2C17.5.0%2CN%3Bforum%2C17.5.5%2CN%3Bsender%2C18.0.0%2CN%3Bcatalog%2C17.6.2%2CN%3Bsale%2C17.8.19%2CN%3Bbitrix.eshop%2C17.5.0%2CN%3Bconversion%2C17.5.0%2CN%3Breport%2C18.0.4%2CN%3Bsecurity%2C17.0.2%2CN%3Brest%2C18.0.1%2CN%3Bsearch%2C17.5.1%2CN%3Bbitrixcloud%2C17.5.0%2CN%3Biblock%2C17.6.3%2CN%3Bseo%2C18.0.0%2CN%3Bhighloadblock%2C17.5.0%2CN%3Bphotogallery%2C17.0.2%2CN%3Bcurrency%2C17.5.4%2CN%3Btranslate%2C16.0.0%2CN%3Bbitrix.sitecorporate%2C15.5.0%2CN%3Beshopapp%2C16.5.0%2CN%3Bmobileapp%2C17.5.1%2CN%3Bui%2C17.6.0%2CN%3Bcompression%2C16.0.0%2CN%3Bform%2C17.0.1%2CN%3Bblog%2C17.6.1%2CN%3Babtest%2C17.5.0%2CN%3Bmessageservice%2C18.0.0%2CN%3Bstoreassist%2C16.0.1%2CN%3Bvote%2C17.5.1%2CN%3Bscale%2C17.5.0%2CN%3Baspro.next%2C1.0.1%2CN&reqm=aspro.next&lim=Y&SUPD_SRS=RU&SUPD_CMP=N
2018-06-06 11:12:11 -  - exec CUpdateClientPartner::GetHTTPPage
2018-06-06 11:12:11 -  - TIME LoadModulesUpdates(request) 0.277 sec
2018-06-06 11:12:11 -  - exec CUpdateClientPartner::ParseServerData
2018-06-06 11:12:11 - S - STEP
2018-06-06 11:12:11 - LMU01 - LoadModulesUpdates-Step
2018-06-06 11:12:11 -  - exec CUpdateClientPartner::LoadModulesUpdates
2018-06-06 11:12:11 -  - exec CUpdateClientPartner::ParseServerData
2018-06-06 11:12:11 -  - loadFile
2018-06-06 11:12:12 - U - RETURN
2018-06-06 11:12:12 -  - exec CUpdateClientPartner::UnGzipArchive
2018-06-06 11:12:12 -  - TIME UnGzipArchive 0.081 sec
2018-06-06 11:12:12 - CSURUS1 - Run updater '/bitrix/updates/update_m1528272732/aspro.next/updater1.0.2.php'
2018-06-06 11:12:12 -  - TIME UpdateStepModules 0.241 sec
2018-06-06 11:12:12 - UPD_SUCCESS - Updated: aspro.next (1.0.2)<br><b>Новое в версии и улучшения:</b> <ul> <li>Добавлена опция, определяющая положение колонки с внутренним меню – справа или слева (NEXT-11)</li> <li>В настройки решения добавлена опция, включающая отображение картинок у разделов каталога в левом меню (NEXT-21)</li> </ul> <b>Исправления:</b> <ul> <li>Неверная ссылка у доменов при отображении регионов выпадающим списком (NEXT-15)</li> </ul> <br /> <b>Внимание!!! Перед установкой обновления ОБЯЗАТЕЛЬНО выполните полное резервное копирование сайта. Если вы вносили изменения в шаблон решения, то дополнительно скопируйте всю папку шаблона!</b> 
2018-06-06 11:12:12 -  - exec CUpdateClientPartner::LoadModulesUpdates
2018-06-06 11:12:12 -  - exec CUpdateClientPartner::__CollectRequestData
2018-06-06 11:12:12 -  - utf=Y&lang=ru&stable=Y&CANGZIP=Y&SUPD_DBS=MYSQL&XE=N&CLIENT_SITE=fk62.ru&LICENSE_KEY=X&SUPD_STS=1&SUPD_URS=0&SUPD_URSA=1&TYPENC=E&CLIENT_PHPVER=7.1.9&NGINX=Y&dbv=5.6.39&instm=main%2C18.0.0%2CN%3Bfileman%2C18.0.0%2CN%3Blanding%2C18.3.0%2CN%3Bclouds%2C17.0.2%2CN%3Bsocialservices%2C17.5.4%2CN%3Bsubscribe%2C17.5.0%2CN%3Bperfmon%2C17.0.1%2CN%3Bpull%2C17.5.4%2CN%3Bb24connector%2C17.5.0%2CN%3Bforum%2C17.5.5%2CN%3Bsender%2C18.0.0%2CN%3Bcatalog%2C17.6.2%2CN%3Bsale%2C17.8.19%2CN%3Bbitrix.eshop%2C17.5.0%2CN%3Bconversion%2C17.5.0%2CN%3Breport%2C18.0.4%2CN%3Bsecurity%2C17.0.2%2CN%3Brest%2C18.0.1%2CN%3Bsearch%2C17.5.1%2CN%3Bbitrixcloud%2C17.5.0%2CN%3Biblock%2C17.6.3%2CN%3Bseo%2C18.0.0%2CN%3Bhighloadblock%2C17.5.0%2CN%3Bphotogallery%2C17.0.2%2CN%3Bcurrency%2C17.5.4%2CN%3Btranslate%2C16.0.0%2CN%3Bbitrix.sitecorporate%2C15.5.0%2CN%3Beshopapp%2C16.5.0%2CN%3Bmobileapp%2C17.5.1%2CN%3Bui%2C17.6.0%2CN%3Bcompression%2C16.0.0%2CN%3Bform%2C17.0.1%2CN%3Bblog%2C17.6.1%2CN%3Babtest%2C17.5.0%2CN%3Bmessageservice%2C18.0.0%2CN%3Bstoreassist%2C16.0.1%2CN%3Bvote%2C17.5.1%2CN%3Bscale%2C17.5.0%2CN%3Baspro.next%2C1.0.2%2CN&reqm=aspro.next&lim=Y&SUPD_SRS=RU&SUPD_CMP=N
2018-06-06 11:12:12 -  - exec CUpdateClientPartner::GetHTTPPage
2018-06-06 11:12:13 -  - TIME LoadModulesUpdates(request) 0.28 sec
2018-06-06 11:12:13 -  - exec CUpdateClientPartner::ParseServerData
2018-06-06 11:12:13 - S - STEP
2018-06-06 11:12:13 - LMU01 - LoadModulesUpdates-Step
2018-06-06 11:12:13 -  - exec CUpdateClientPartner::LoadModulesUpdates
2018-06-06 11:12:13 -  - exec CUpdateClientPartner::ParseServerData
2018-06-06 11:12:13 -  - loadFile
2018-06-06 11:12:13 - U - RETURN
2018-06-06 11:12:13 -  - exec CUpdateClientPartner::UnGzipArchive
2018-06-06 11:12:13 -  - TIME UnGzipArchive 0.05 sec
2018-06-06 11:12:13 - CSURUS1 - Run updater '/bitrix/updates/update_m1528272733/aspro.next/updater1.0.3.php'
2018-06-06 11:12:13 -  - TIME UpdateStepModules 0.156 sec
2018-06-06 11:12:13 - UPD_SUCCESS - Updated: aspro.next (1.0.3)<br><b>Новое в версии и улучшения:</b> <ul> <li>Добавлен параметр в комплексный компонент каталога, определяющий отображение картинок подразделов в разделе</li> <li>Добавлена опция в настройки решения, определяющий отображение картинок разделов в выпадающем меню каталога (NEXT-29)</li> </ul> <br /> <b>Внимание!!! Перед установкой обновления ОБЯЗАТЕЛЬНО выполните полное резервное копирование сайта. Если вы вносили изменения в шаблон решения, то дополнительно скопируйте всю папку шаблона!</b> 
2018-06-06 11:12:13 -  - exec CUpdateClientPartner::LoadModulesUpdates
2018-06-06 11:12:13 -  - exec CUpdateClientPartner::__CollectRequestData
2018-06-06 11:12:13 -  - utf=Y&lang=ru&stable=Y&CANGZIP=Y&SUPD_DBS=MYSQL&XE=N&CLIENT_SITE=fk62.ru&LICENSE_KEY=X&SUPD_STS=1&SUPD_URS=0&SUPD_URSA=1&TYPENC=E&CLIENT_PHPVER=7.1.9&NGINX=Y&dbv=5.6.39&instm=main%2C18.0.0%2CN%3Bfileman%2C18.0.0%2CN%3Blanding%2C18.3.0%2CN%3Bclouds%2C17.0.2%2CN%3Bsocialservices%2C17.5.4%2CN%3Bsubscribe%2C17.5.0%2CN%3Bperfmon%2C17.0.1%2CN%3Bpull%2C17.5.4%2CN%3Bb24connector%2C17.5.0%2CN%3Bforum%2C17.5.5%2CN%3Bsender%2C18.0.0%2CN%3Bcatalog%2C17.6.2%2CN%3Bsale%2C17.8.19%2CN%3Bbitrix.eshop%2C17.5.0%2CN%3Bconversion%2C17.5.0%2CN%3Breport%2C18.0.4%2CN%3Bsecurity%2C17.0.2%2CN%3Brest%2C18.0.1%2CN%3Bsearch%2C17.5.1%2CN%3Bbitrixcloud%2C17.5.0%2CN%3Biblock%2C17.6.3%2CN%3Bseo%2C18.0.0%2CN%3Bhighloadblock%2C17.5.0%2CN%3Bphotogallery%2C17.0.2%2CN%3Bcurrency%2C17.5.4%2CN%3Btranslate%2C16.0.0%2CN%3Bbitrix.sitecorporate%2C15.5.0%2CN%3Beshopapp%2C16.5.0%2CN%3Bmobileapp%2C17.5.1%2CN%3Bui%2C17.6.0%2CN%3Bcompression%2C16.0.0%2CN%3Bform%2C17.0.1%2CN%3Bblog%2C17.6.1%2CN%3Babtest%2C17.5.0%2CN%3Bmessageservice%2C18.0.0%2CN%3Bstoreassist%2C16.0.1%2CN%3Bvote%2C17.5.1%2CN%3Bscale%2C17.5.0%2CN%3Baspro.next%2C1.0.3%2CN&reqm=aspro.next&lim=Y&SUPD_SRS=RU&SUPD_CMP=N
2018-06-06 11:12:13 -  - exec CUpdateClientPartner::GetHTTPPage
2018-06-06 11:12:14 -  - TIME LoadModulesUpdates(request) 0.294 sec
2018-06-06 11:12:14 -  - exec CUpdateClientPartner::ParseServerData
2018-06-06 11:12:14 - S - STEP
2018-06-06 11:12:14 - LMU01 - LoadModulesUpdates-Step
2018-06-06 11:12:14 -  - exec CUpdateClientPartner::LoadModulesUpdates
2018-06-06 11:12:14 -  - exec CUpdateClientPartner::ParseServerData
2018-06-06 11:12:14 -  - loadFile
2018-06-06 11:12:14 - U - RETURN
2018-06-06 11:12:14 -  - exec CUpdateClientPartner::UnGzipArchive
2018-06-06 11:12:14 -  - TIME UnGzipArchive 0.005 sec
2018-06-06 11:12:14 - CSURUS1 - Run updater '/bitrix/updates/update_m1528272734/aspro.next/updater1.0.4.php'
2018-06-06 11:12:14 -  - TIME UpdateStepModules 0.058 sec
2018-06-06 11:12:14 - UPD_SUCCESS - Updated: aspro.next (1.0.4)<br><b>Исправления:</b> <ul> <li>Не учитывался диапазон цен при покупке товара (NEXT-30)</li> <li>Сбрасывался заголовок окна браузера в карточке товара (NEXT-31)</li> <li>Не отображалось описание раздела, если в параметрах комплексного компонента каталога опция “Показывать элементы подразделов раздела” стояла в “Не показывать” (NEXT-32)</li> </ul> <br /> <b>Внимание!!! Перед установкой обновления ОБЯЗАТЕЛЬНО выполните полное резервное копирование сайта. Если вы вносили изменения в шаблон решения, то дополнительно скопируйте всю папку шаблона!</b> 
2018-06-06 11:12:14 -  - exec CUpdateClientPartner::LoadModulesUpdates
2018-06-06 11:12:14 -  - exec CUpdateClientPartner::__CollectRequestData
2018-06-06 11:12:14 -  - utf=Y&lang=ru&stable=Y&CANGZIP=Y&SUPD_DBS=MYSQL&XE=N&CLIENT_SITE=fk62.ru&LICENSE_KEY=X&SUPD_STS=1&SUPD_URS=0&SUPD_URSA=1&TYPENC=E&CLIENT_PHPVER=7.1.9&NGINX=Y&dbv=5.6.39&instm=main%2C18.0.0%2CN%3Bfileman%2C18.0.0%2CN%3Blanding%2C18.3.0%2CN%3Bclouds%2C17.0.2%2CN%3Bsocialservices%2C17.5.4%2CN%3Bsubscribe%2C17.5.0%2CN%3Bperfmon%2C17.0.1%2CN%3Bpull%2C17.5.4%2CN%3Bb24connector%2C17.5.0%2CN%3Bforum%2C17.5.5%2CN%3Bsender%2C18.0.0%2CN%3Bcatalog%2C17.6.2%2CN%3Bsale%2C17.8.19%2CN%3Bbitrix.eshop%2C17.5.0%2CN%3Bconversion%2C17.5.0%2CN%3Breport%2C18.0.4%2CN%3Bsecurity%2C17.0.2%2CN%3Brest%2C18.0.1%2CN%3Bsearch%2C17.5.1%2CN%3Bbitrixcloud%2C17.5.0%2CN%3Biblock%2C17.6.3%2CN%3Bseo%2C18.0.0%2CN%3Bhighloadblock%2C17.5.0%2CN%3Bphotogallery%2C17.0.2%2CN%3Bcurrency%2C17.5.4%2CN%3Btranslate%2C16.0.0%2CN%3Bbitrix.sitecorporate%2C15.5.0%2CN%3Beshopapp%2C16.5.0%2CN%3Bmobileapp%2C17.5.1%2CN%3Bui%2C17.6.0%2CN%3Bcompression%2C16.0.0%2CN%3Bform%2C17.0.1%2CN%3Bblog%2C17.6.1%2CN%3Babtest%2C17.5.0%2CN%3Bmessageservice%2C18.0.0%2CN%3Bstoreassist%2C16.0.1%2CN%3Bvote%2C17.5.1%2CN%3Bscale%2C17.5.0%2CN%3Baspro.next%2C1.0.4%2CN&reqm=aspro.next&lim=Y&SUPD_SRS=RU&SUPD_CMP=N
2018-06-06 11:12:14 -  - exec CUpdateClientPartner::GetHTTPPage
2018-06-06 11:12:14 -  - TIME LoadModulesUpdates(request) 0.266 sec
2018-06-06 11:12:14 -  - exec CUpdateClientPartner::ParseServerData
2018-06-06 11:12:14 - S - STEP
2018-06-06 11:12:14 - LMU01 - LoadModulesUpdates-Step
2018-06-06 11:12:14 -  - exec CUpdateClientPartner::LoadModulesUpdates
2018-06-06 11:12:14 -  - exec CUpdateClientPartner::ParseServerData
2018-06-06 11:12:14 -  - loadFile
2018-06-06 11:12:15 - U - RETURN
2018-06-06 11:12:15 -  - exec CUpdateClientPartner::UnGzipArchive
2018-06-06 11:12:15 -  - TIME UnGzipArchive 0.082 sec
2018-06-06 11:12:15 - CSURUS1 - Run updater '/bitrix/updates/update_m1528272735/aspro.next/updater1.0.5.php'
2018-06-06 11:12:15 -  - TIME UpdateStepModules 0.365 sec
2018-06-06 11:12:15 - UPD_SUCCESS - Updated: aspro.next (1.0.5)<br><b>Новое в версии и улучшения:</b> <ul> <li>Улучшена навигация по меню в мобильной версии (NEXT-38)</li> <li>Добавлена настройка в Центр управления, позволяющая снимать/устанавливать отображение общей суммы при изменении количества покупаемого товара в карточке товара и списке элементов</li> <li>Добавлена настройка в Центр управления, позволяющая снимать/устанавливать автоматическое согласие на обработку персональных данных (NEXT-33)</li> <li>Добавлено отображение цены у товара в зависимости от интервала цен в товаре</li> <li>Добавлен учет коэффициента единицы измерения при установке максимального значения в поле «Количество» у товара</li> <li>Добавлено событие синхронизации общего наличия товара с наличием на складах. Включается/отключается в Центре управления на вкладке «Синхронизация»</li> <li>Добавлено отображение выпадающего меню с подразделами каталога в навигационной цепочке при привязке элемента к нескольким разделам (NEXT-53)</li> </ul> <br /> <b>Исправления:</b> <ul> <li>Не добавлялся товар при отсутствии его на складе (NEXT-40)</li> <li>Некликабельная ссылка с найденного товара в поиске с типом 2 (NEXT-35)</li> <li>Некликабельная ссылка в мобильном меню у пунктов с 3-м уровнем вложенности (NEXT-46)</li> <li>Не отображалась подсказка у свойств в карточке товара (NEXT-48)</li> <li>Отображалась неверная картинка во всплывающем окне в галерее в карточке товара (NEXT-45)</li> <li>Неверно выравнивались подразделы в каталоге (NEXT-44)</li> <li>Не отображался срок действия скидки у товаров с торговыми предложениями (NEXT-54)</li> </ul> <br /> <b>Внимание!!! Перед установкой обновления ОБЯЗАТЕЛЬНО выполните полное резервное копирование сайта. Если вы вносили изменения в шаблон решения, то дополнительно скопируйте всю папку шаблона!</b> 
2018-06-06 11:12:15 -  - exec CUpdateClientPartner::LoadModulesUpdates
2018-06-06 11:12:15 -  - exec CUpdateClientPartner::__CollectRequestData
2018-06-06 11:12:15 -  - utf=Y&lang=ru&stable=Y&CANGZIP=Y&SUPD_DBS=MYSQL&XE=N&CLIENT_SITE=fk62.ru&LICENSE_KEY=X&SUPD_STS=1&SUPD_URS=0&SUPD_URSA=1&TYPENC=E&CLIENT_PHPVER=7.1.9&NGINX=Y&dbv=5.6.39&instm=main%2C18.0.0%2CN%3Bfileman%2C18.0.0%2CN%3Blanding%2C18.3.0%2CN%3Bclouds%2C17.0.2%2CN%3Bsocialservices%2C17.5.4%2CN%3Bsubscribe%2C17.5.0%2CN%3Bperfmon%2C17.0.1%2CN%3Bpull%2C17.5.4%2CN%3Bb24connector%2C17.5.0%2CN%3Bforum%2C17.5.5%2CN%3Bsender%2C18.0.0%2CN%3Bcatalog%2C17.6.2%2CN%3Bsale%2C17.8.19%2CN%3Bbitrix.eshop%2C17.5.0%2CN%3Bconversion%2C17.5.0%2CN%3Breport%2C18.0.4%2CN%3Bsecurity%2C17.0.2%2CN%3Brest%2C18.0.1%2CN%3Bsearch%2C17.5.1%2CN%3Bbitrixcloud%2C17.5.0%2CN%3Biblock%2C17.6.3%2CN%3Bseo%2C18.0.0%2CN%3Bhighloadblock%2C17.5.0%2CN%3Bphotogallery%2C17.0.2%2CN%3Bcurrency%2C17.5.4%2CN%3Btranslate%2C16.0.0%2CN%3Bbitrix.sitecorporate%2C15.5.0%2CN%3Beshopapp%2C16.5.0%2CN%3Bmobileapp%2C17.5.1%2CN%3Bui%2C17.6.0%2CN%3Bcompression%2C16.0.0%2CN%3Bform%2C17.0.1%2CN%3Bblog%2C17.6.1%2CN%3Babtest%2C17.5.0%2CN%3Bmessageservice%2C18.0.0%2CN%3Bstoreassist%2C16.0.1%2CN%3Bvote%2C17.5.1%2CN%3Bscale%2C17.5.0%2CN%3Baspro.next%2C1.0.5%2CN&reqm=aspro.next&lim=Y&SUPD_SRS=RU&SUPD_CMP=N
2018-06-06 11:12:15 -  - exec CUpdateClientPartner::GetHTTPPage
2018-06-06 11:12:16 -  - TIME LoadModulesUpdates(request) 0.26 sec
2018-06-06 11:12:16 -  - exec CUpdateClientPartner::ParseServerData
2018-06-06 11:12:16 - S - STEP
2018-06-06 11:12:16 - LMU01 - LoadModulesUpdates-Step
2018-06-06 11:12:16 -  - exec CUpdateClientPartner::LoadModulesUpdates
2018-06-06 11:12:16 -  - exec CUpdateClientPartner::ParseServerData
2018-06-06 11:12:16 -  - loadFile
2018-06-06 11:12:16 - U - RETURN
2018-06-06 11:12:16 -  - exec CUpdateClientPartner::UnGzipArchive
2018-06-06 11:12:17 -  - TIME UnGzipArchive 0.083 sec
2018-06-06 11:12:17 - CSURUS1 - Run updater '/bitrix/updates/update_m1528272736/aspro.next/updater1.0.6.php'
2018-06-06 11:12:17 -  - TIME UpdateStepModules 0.48 sec
2018-06-06 11:12:17 - UPD_SUCCESS - Updated: aspro.next (1.0.6)<br><b>Новое в версии и улучшения:</b> <ul> <li>Добавлены placeholder’ы для числовых свойств в умный фильтр</li> <li>Добавлена настройка в Центр управления, позволяющая снимать/устанавливать подстановку заголовка торгового предложения в название товара в списке и на детальной странице (NEXT-74)</li> <li>Добавлена настройка в Центр управления, позволяющая снимать/устанавливать отображение блока «Задать вопрос» в шапке сайта (NEXT-69)</li> <li>Добавлена настройка в параметры комплексного компонента каталога, позволяющая снимать/устанавливать отображение артикула товара, если у торговых предложений он отсутствует в карточке товара и списке элементов</li> <li>Добавлена настройка в параметры комплексного компонента каталога, позволяющая снимать/устанавливать отображение единиц измерения совместно с коэффициентом при выводе минимальной цены товара с торговыми предложениями в карточке товара и списке</li> <li>Изменен тип страницы по умолчанию с article на website для разметки Open Graph</li> <li>Добавлена возможность сортировки по цене для региона. Для этого необходимо в инфоблоке «Регионы» у каждого элемента выбрать значение в опции «Цена для сортировки». В параметрах комплексного компонента каталога выбрать значение «Цена для сортировки в регионе» в опции «Сортировка по цене» (NEXT-62)</li> <li>Добавлена возможность добавлять теги для региона. Код свойства должен начинаться с «REGION_TAG_»</li> <li>Добавлено событие OnAsproRegionalityAddSelectFieldsAndProps в модуль региональности, позволяющее расширить выбираемые поля, свойства элементов инфоблока «Регионы»</li> <li>Добавлено событие «OnAsproRegionalityGetElements» в модуль региональности, позволяющее менять, добавлять, удалять существующие элементы инфоблока «Регионы»</li> <li>Добавлена возможность загружать галерею в раздел «Блог» (NEXT-72).</li> </ul> <br /> <b>Исправления:</b> <ul> <li>При включенном отображении внутреннего меню справа на разрешении 1500 и 1700 px ломалась верстка (NEXT-57)</li> <li>Обрезался умный фильтр в каталоге футером сайта, если результаты фильтрации были пустыми (NEXT-66)</li> <li>Обрезались торговые предложения в каталоге футером сайта (NEXT-70)</li> <li>При покупке товара или его добавлении в отложенные блок с корзиной появлялся через раз. Теперь корзина появляется только при первой покупке/добавлении в отложенные (NEXT-60)</li> <li>Не отображалась форма «Задать вопрос» в мобильной версии (NEXT-68)</li> <li>Не кликались недоступные для покупки значения торговых предложений в списке и карточке товара (NEXT-73)</li> <li>Не пролистывалась всплывающая форма «Покупка в 1 клик» (NEXT-67)</li> </ul> <br /> <b>Внимание!!! Перед установкой обновления ОБЯЗАТЕЛЬНО выполните полное резервное копирование сайта. Если вы вносили изменения в шаблон решения, то дополнительно скопируйте всю папку шаблона!</b> 
2018-06-06 11:12:17 -  - exec CUpdateClientPartner::LoadModulesUpdates
2018-06-06 11:12:17 -  - exec CUpdateClientPartner::__CollectRequestData
2018-06-06 11:12:17 -  - utf=Y&lang=ru&stable=Y&CANGZIP=Y&SUPD_DBS=MYSQL&XE=N&CLIENT_SITE=fk62.ru&LICENSE_KEY=X&SUPD_STS=1&SUPD_URS=0&SUPD_URSA=1&TYPENC=E&CLIENT_PHPVER=7.1.9&NGINX=Y&dbv=5.6.39&instm=main%2C18.0.0%2CN%3Bfileman%2C18.0.0%2CN%3Blanding%2C18.3.0%2CN%3Bclouds%2C17.0.2%2CN%3Bsocialservices%2C17.5.4%2CN%3Bsubscribe%2C17.5.0%2CN%3Bperfmon%2C17.0.1%2CN%3Bpull%2C17.5.4%2CN%3Bb24connector%2C17.5.0%2CN%3Bforum%2C17.5.5%2CN%3Bsender%2C18.0.0%2CN%3Bcatalog%2C17.6.2%2CN%3Bsale%2C17.8.19%2CN%3Bbitrix.eshop%2C17.5.0%2CN%3Bconversion%2C17.5.0%2CN%3Breport%2C18.0.4%2CN%3Bsecurity%2C17.0.2%2CN%3Brest%2C18.0.1%2CN%3Bsearch%2C17.5.1%2CN%3Bbitrixcloud%2C17.5.0%2CN%3Biblock%2C17.6.3%2CN%3Bseo%2C18.0.0%2CN%3Bhighloadblock%2C17.5.0%2CN%3Bphotogallery%2C17.0.2%2CN%3Bcurrency%2C17.5.4%2CN%3Btranslate%2C16.0.0%2CN%3Bbitrix.sitecorporate%2C15.5.0%2CN%3Beshopapp%2C16.5.0%2CN%3Bmobileapp%2C17.5.1%2CN%3Bui%2C17.6.0%2CN%3Bcompression%2C16.0.0%2CN%3Bform%2C17.0.1%2CN%3Bblog%2C17.6.1%2CN%3Babtest%2C17.5.0%2CN%3Bmessageservice%2C18.0.0%2CN%3Bstoreassist%2C16.0.1%2CN%3Bvote%2C17.5.1%2CN%3Bscale%2C17.5.0%2CN%3Baspro.next%2C1.0.6%2CN&reqm=aspro.next&lim=Y&SUPD_SRS=RU&SUPD_CMP=N
2018-06-06 11:12:17 -  - exec CUpdateClientPartner::GetHTTPPage
2018-06-06 11:12:17 -  - TIME LoadModulesUpdates(request) 0.262 sec
2018-06-06 11:12:17 -  - exec CUpdateClientPartner::ParseServerData
2018-06-06 11:12:17 - S - STEP
2018-06-06 11:12:17 - LMU01 - LoadModulesUpdates-Step
2018-06-06 11:12:17 -  - exec CUpdateClientPartner::LoadModulesUpdates
2018-06-06 11:12:17 -  - exec CUpdateClientPartner::ParseServerData
2018-06-06 11:12:17 -  - loadFile
2018-06-06 11:12:19 - U - RETURN
2018-06-06 11:12:19 -  - exec CUpdateClientPartner::UnGzipArchive
2018-06-06 11:12:19 -  - TIME UnGzipArchive 0.247 sec
2018-06-06 11:12:19 - CSURUS1 - Run updater '/bitrix/updates/update_m1528272739/aspro.next/updater1.0.7.php'
2018-06-06 11:12:20 -  - TIME UpdateStepModules 0.728 sec
2018-06-06 11:12:20 - UPD_SUCCESS - Updated: aspro.next (1.0.7)<br><b>Новое в версии и улучшения:</b> <ul> <li>Добавлена настройка в Центр управления, позволяющая снимать/устанавливать замену стандартной captcha на Google reCaptcha</li> <li>В Центр управления добавлена настройка «Старая цена для товаров». Она позволяет отображать определенный тип цен (например, используемый для скидки в 1С) как зачеркнутый. Если вы используете эту настройку, отключите скидки для корректного отображения цен в карточке товара</li> <li>Добавлены настройки в параметры комплексного компонента каталога, позволяющие определять порядок и направление сортировки складов в карточке товара (NEXT-86)</li> <li>Добавлены события, позволяющие кастомизировать вывод цен, отображения наличия и кнопки «Купить». Описание и пример вызова – в include.php модуля решения</li> <li>Добавлены дополнительные иконки социальных сетей в блок «Поделиться». В футер сайта добавлена иконка Telegram (NEXT-77)</li> <li>Добавлена возможность выводить привязанные к региону элементы с инфоблоков: новости, блог, акции, услуги, баннеры, фоновые картинки, реклама - внутренние, реклама - на главной. Для этого необходимо установить опцию «Применять региональный фильтр» в Центре управления. Также теперь адрес и email привязаны к региону (NEXT-8)</li> </ul> <br /> <b>Исправления:</b> <ul> <li>Дублировались элементы в блоге при клике по кнопке «Показать еще» (NEXT-78)</li> <li>Отображалось неверное значение у placeholder в фильтре на странице списка элементов (NEXT-92)</li> <li>Съезжали кнопки «Показать» и «Сбросить» в фильтре на странице списка элементов при настройке «Ширина сайта - 1200px» (NEXT-89)</li> <li>В браузере Safari при выборе второго и третьего варианта шапки сайта ссылки товара в поиске были некликабельными (NEXT-90)</li> <li>При быстром просмотре не выбиралось торговое предложение с несколькими свойствами (NEXT-79)</li> </ul> <br /> <b>Внимание!!! Перед установкой обновления ОБЯЗАТЕЛЬНО выполните полное резервное копирование сайта. Если вы вносили изменения в шаблон решения, то дополнительно скопируйте всю папку шаблона!</b> 
2018-06-06 11:12:20 -  - exec CUpdateClientPartner::LoadModulesUpdates
2018-06-06 11:12:20 -  - exec CUpdateClientPartner::__CollectRequestData
2018-06-06 11:12:20 -  - utf=Y&lang=ru&stable=Y&CANGZIP=Y&SUPD_DBS=MYSQL&XE=N&CLIENT_SITE=fk62.ru&LICENSE_KEY=X&SUPD_STS=1&SUPD_URS=0&SUPD_URSA=1&TYPENC=E&CLIENT_PHPVER=7.1.9&NGINX=Y&dbv=5.6.39&instm=main%2C18.0.0%2CN%3Bfileman%2C18.0.0%2CN%3Blanding%2C18.3.0%2CN%3Bclouds%2C17.0.2%2CN%3Bsocialservices%2C17.5.4%2CN%3Bsubscribe%2C17.5.0%2CN%3Bperfmon%2C17.0.1%2CN%3Bpull%2C17.5.4%2CN%3Bb24connector%2C17.5.0%2CN%3Bforum%2C17.5.5%2CN%3Bsender%2C18.0.0%2CN%3Bcatalog%2C17.6.2%2CN%3Bsale%2C17.8.19%2CN%3Bbitrix.eshop%2C17.5.0%2CN%3Bconversion%2C17.5.0%2CN%3Breport%2C18.0.4%2CN%3Bsecurity%2C17.0.2%2CN%3Brest%2C18.0.1%2CN%3Bsearch%2C17.5.1%2CN%3Bbitrixcloud%2C17.5.0%2CN%3Biblock%2C17.6.3%2CN%3Bseo%2C18.0.0%2CN%3Bhighloadblock%2C17.5.0%2CN%3Bphotogallery%2C17.0.2%2CN%3Bcurrency%2C17.5.4%2CN%3Btranslate%2C16.0.0%2CN%3Bbitrix.sitecorporate%2C15.5.0%2CN%3Beshopapp%2C16.5.0%2CN%3Bmobileapp%2C17.5.1%2CN%3Bui%2C17.6.0%2CN%3Bcompression%2C16.0.0%2CN%3Bform%2C17.0.1%2CN%3Bblog%2C17.6.1%2CN%3Babtest%2C17.5.0%2CN%3Bmessageservice%2C18.0.0%2CN%3Bstoreassist%2C16.0.1%2CN%3Bvote%2C17.5.1%2CN%3Bscale%2C17.5.0%2CN%3Baspro.next%2C1.0.7%2CN&reqm=aspro.next&lim=Y&SUPD_SRS=RU&SUPD_CMP=N
2018-06-06 11:12:20 -  - exec CUpdateClientPartner::GetHTTPPage
2018-06-06 11:12:20 -  - TIME LoadModulesUpdates(request) 0.26 sec
2018-06-06 11:12:20 -  - exec CUpdateClientPartner::ParseServerData
2018-06-06 11:12:20 - S - STEP
2018-06-06 11:12:20 - LMU01 - LoadModulesUpdates-Step
2018-06-06 11:12:20 -  - exec CUpdateClientPartner::LoadModulesUpdates
2018-06-06 11:12:20 -  - exec CUpdateClientPartner::ParseServerData
2018-06-06 11:12:20 -  - loadFile
2018-06-06 11:12:21 - U - RETURN
2018-06-06 11:12:21 -  - exec CUpdateClientPartner::UnGzipArchive
2018-06-06 11:12:21 -  - TIME UnGzipArchive 0.002 sec
2018-06-06 11:12:21 - CSURUS1 - Run updater '/bitrix/updates/update_m1528272741/aspro.next/updater1.0.8.php'
2018-06-06 11:12:21 -  - TIME UpdateStepModules 0.055 sec
2018-06-06 11:12:21 - UPD_SUCCESS - Updated: aspro.next (1.0.8)<br><b>Новое в версии и улучшения:</b> <ul> <li>Изменен способ определения посетителя по IP адресу – теперь для этого используется стандартный функционал 1С-Битрикс (NEXT-166)</li> </ul> <br /> <b>Внимание!!! Перед установкой обновления ОБЯЗАТЕЛЬНО выполните полное резервное копирование сайта. Если вы вносили изменения в шаблон решения, то дополнительно скопируйте всю папку шаблона!</b>
2018-06-06 11:12:21 -  - exec CUpdateClientPartner::LoadModulesUpdates
2018-06-06 11:12:21 -  - exec CUpdateClientPartner::__CollectRequestData
2018-06-06 11:12:21 -  - utf=Y&lang=ru&stable=Y&CANGZIP=Y&SUPD_DBS=MYSQL&XE=N&CLIENT_SITE=fk62.ru&LICENSE_KEY=X&SUPD_STS=1&SUPD_URS=0&SUPD_URSA=1&TYPENC=E&CLIENT_PHPVER=7.1.9&NGINX=Y&dbv=5.6.39&instm=main%2C18.0.0%2CN%3Bfileman%2C18.0.0%2CN%3Blanding%2C18.3.0%2CN%3Bclouds%2C17.0.2%2CN%3Bsocialservices%2C17.5.4%2CN%3Bsubscribe%2C17.5.0%2CN%3Bperfmon%2C17.0.1%2CN%3Bpull%2C17.5.4%2CN%3Bb24connector%2C17.5.0%2CN%3Bforum%2C17.5.5%2CN%3Bsender%2C18.0.0%2CN%3Bcatalog%2C17.6.2%2CN%3Bsale%2C17.8.19%2CN%3Bbitrix.eshop%2C17.5.0%2CN%3Bconversion%2C17.5.0%2CN%3Breport%2C18.0.4%2CN%3Bsecurity%2C17.0.2%2CN%3Brest%2C18.0.1%2CN%3Bsearch%2C17.5.1%2CN%3Bbitrixcloud%2C17.5.0%2CN%3Biblock%2C17.6.3%2CN%3Bseo%2C18.0.0%2CN%3Bhighloadblock%2C17.5.0%2CN%3Bphotogallery%2C17.0.2%2CN%3Bcurrency%2C17.5.4%2CN%3Btranslate%2C16.0.0%2CN%3Bbitrix.sitecorporate%2C15.5.0%2CN%3Beshopapp%2C16.5.0%2CN%3Bmobileapp%2C17.5.1%2CN%3Bui%2C17.6.0%2CN%3Bcompression%2C16.0.0%2CN%3Bform%2C17.0.1%2CN%3Bblog%2C17.6.1%2CN%3Babtest%2C17.5.0%2CN%3Bmessageservice%2C18.0.0%2CN%3Bstoreassist%2C16.0.1%2CN%3Bvote%2C17.5.1%2CN%3Bscale%2C17.5.0%2CN%3Baspro.next%2C1.0.8%2CN&reqm=aspro.next&lim=Y&SUPD_SRS=RU&SUPD_CMP=N
2018-06-06 11:12:21 -  - exec CUpdateClientPartner::GetHTTPPage
2018-06-06 11:12:21 -  - TIME LoadModulesUpdates(request) 0.283 sec
2018-06-06 11:12:21 -  - exec CUpdateClientPartner::ParseServerData
2018-06-06 11:12:21 - S - STEP
2018-06-06 11:12:21 - LMU01 - LoadModulesUpdates-Step
2018-06-06 11:12:21 -  - exec CUpdateClientPartner::LoadModulesUpdates
2018-06-06 11:12:21 -  - exec CUpdateClientPartner::ParseServerData
2018-06-06 11:12:21 -  - loadFile
2018-06-06 11:12:22 - U - RETURN
2018-06-06 11:12:22 -  - exec CUpdateClientPartner::UnGzipArchive
2018-06-06 11:12:22 -  - TIME UnGzipArchive 0.044 sec
2018-06-06 11:12:22 - CSURUS1 - Run updater '/bitrix/updates/update_m1528272742/aspro.next/updater1.0.9.php'
2018-06-06 11:12:22 -  - TIME UpdateStepModules 0.236 sec
2018-06-06 11:12:22 - UPD_SUCCESS - Updated: aspro.next (1.0.9)<br><b>Новое в версии и улучшения:</b> <ul> <li>Появилась возможность выводить дополнительную фотогалерею на детальной странице товара либо после блока характеристик (при режиме показа детальной страницы без табов), либо на вкладке «Описание» (с табами). Фотогалерея настраивается в блоке «Настройки детального просмотра» компонента каталога. Доступные настройки: возможность отображения фотогалереи, 2 типа блока на выбор, возможность выбора источника изображений для галереи товара и торговых предложений, заголовок блока. </li> </ul> <br /> <b>Исправления:</b> <ul> <li>На детальной странице блога не отображались связанные товары (NEXT-135).</li> <li>Некорректное определение города для мультирегиональности, настроенной не на поддоменах (NEXT-185).</li> <li>Некорректное отображение блока просмотренных товаров в стандартном режиме (NEXT-123).</li> <li>Не переключались изображения на детальной странице товара в режиме показа детальной картинки «Лупа» (NEXT-148).</li> <li>Некорректное отображение товара при увеличении в режиме быстрого просмотра для блока персональных рекомендаций (NEXT-115).</li> </ul>
2018-06-06 11:12:22 -  - exec CUpdateClientPartner::LoadModulesUpdates
2018-06-06 11:12:22 -  - exec CUpdateClientPartner::__CollectRequestData
2018-06-06 11:12:22 -  - utf=Y&lang=ru&stable=Y&CANGZIP=Y&SUPD_DBS=MYSQL&XE=N&CLIENT_SITE=fk62.ru&LICENSE_KEY=X&SUPD_STS=1&SUPD_URS=0&SUPD_URSA=1&TYPENC=E&CLIENT_PHPVER=7.1.9&NGINX=Y&dbv=5.6.39&instm=main%2C18.0.0%2CN%3Bfileman%2C18.0.0%2CN%3Blanding%2C18.3.0%2CN%3Bclouds%2C17.0.2%2CN%3Bsocialservices%2C17.5.4%2CN%3Bsubscribe%2C17.5.0%2CN%3Bperfmon%2C17.0.1%2CN%3Bpull%2C17.5.4%2CN%3Bb24connector%2C17.5.0%2CN%3Bforum%2C17.5.5%2CN%3Bsender%2C18.0.0%2CN%3Bcatalog%2C17.6.2%2CN%3Bsale%2C17.8.19%2CN%3Bbitrix.eshop%2C17.5.0%2CN%3Bconversion%2C17.5.0%2CN%3Breport%2C18.0.4%2CN%3Bsecurity%2C17.0.2%2CN%3Brest%2C18.0.1%2CN%3Bsearch%2C17.5.1%2CN%3Bbitrixcloud%2C17.5.0%2CN%3Biblock%2C17.6.3%2CN%3Bseo%2C18.0.0%2CN%3Bhighloadblock%2C17.5.0%2CN%3Bphotogallery%2C17.0.2%2CN%3Bcurrency%2C17.5.4%2CN%3Btranslate%2C16.0.0%2CN%3Bbitrix.sitecorporate%2C15.5.0%2CN%3Beshopapp%2C16.5.0%2CN%3Bmobileapp%2C17.5.1%2CN%3Bui%2C17.6.0%2CN%3Bcompression%2C16.0.0%2CN%3Bform%2C17.0.1%2CN%3Bblog%2C17.6.1%2CN%3Babtest%2C17.5.0%2CN%3Bmessageservice%2C18.0.0%2CN%3Bstoreassist%2C16.0.1%2CN%3Bvote%2C17.5.1%2CN%3Bscale%2C17.5.0%2CN%3Baspro.next%2C1.0.9%2CN&reqm=aspro.next&lim=Y&SUPD_SRS=RU&SUPD_CMP=N
2018-06-06 11:12:22 -  - exec CUpdateClientPartner::GetHTTPPage
2018-06-06 11:12:22 -  - TIME LoadModulesUpdates(request) 0.32 sec
2018-06-06 11:12:22 -  - exec CUpdateClientPartner::ParseServerData
2018-06-06 11:12:22 - S - STEP
2018-06-06 11:12:22 - LMU01 - LoadModulesUpdates-Step
2018-06-06 11:12:22 -  - exec CUpdateClientPartner::LoadModulesUpdates
2018-06-06 11:12:22 -  - exec CUpdateClientPartner::ParseServerData
2018-06-06 11:12:22 -  - loadFile
2018-06-06 11:12:23 - U - RETURN
2018-06-06 11:12:23 -  - exec CUpdateClientPartner::UnGzipArchive
2018-06-06 11:12:23 -  - TIME UnGzipArchive 0.086 sec
2018-06-06 11:12:23 - CSURUS1 - Run updater '/bitrix/updates/update_m1528272743/aspro.next/updater1.0.10.php'
2018-06-06 11:12:24 -  - TIME UpdateStepModules 0.318 sec
2018-06-06 11:12:24 - UPD_SUCCESS - Updated: aspro.next (1.0.10)<br><b>Новое в версии и улучшения:</b> <ul> <li>Добавлена возможность подписываться на товар без авторизации (NEXT-76). Для корректной работы функционала необходимо, чтобы в настройках модуля интернет-магазина была включена опция «Использовать уведомления о поступлении товаров».</li> <li>Добавлен параметр в комплексный компонент каталога, позволяющий включать/отключать отображение счетчика со скидкой в списке элементов (NEXT-225)</li> <li>В шапку сайта добавлено отображение иконки корзины в адаптивной версии при положениях корзины летающая, боковая и снизу (NEXT-156)</li> <li>Добавлена установка https для директивы Host в robots.txt для сайтов с защищенным подключением (NEXT-161). После обновления необходимо пересоздать файлы robots.txt для всех поддоменов на странице Аспро: Next - Генерация файлов - robots.txt (кнопка «Пересоздать»)</li> <li>Добавлена возможность поиска по свойствам торговых предложений (NEXT-98) </li> <li>Добавлена настройка в параметры комплексного компонента каталога, позволяющая снимать/устанавливать отображение количества значений у свойств фильтра</li> </ul> <br /> <b>Исправления:</b> <ul> <li>Не отображались значения тегов региона в микроразметке (NEXT-78). Теги проставляются, если выбрана региональность на поддоменах</li> <li>Нельзя было отключить «Быстрый просмотр» из Центра управления (NEXT-143)</li> <li>При отключении соц. сервисов в личном кабинете съезжало меню (NEXT-238)</li> <li>Некорректно выводился счетчик акций у товаров на главной странице (NEXT-253)</li> <li>В корзине на адаптивной версии выбранный размер у торгового предложения отображался в виде пустого квадрата (NEXT-241)</li> <li>Некорректно отображался блочный список элементов при 5 элементах (NEXT-178)</li> <li>На странице поиска товары по умолчанию отображались плиткой (NEXT-179) Сейчас вид отображения на странице поиска также берется из настроек комплексного компонента «Каталог»</li> <li>Не учитывалась скидка в быстром заказе при включенной региональности (NEXT-124)</li> <li>Не учитывалась скидка в корзине при включенной региональности (NEXT-181)</li> <li>Некорректно работал большой слайдер галереи в блоге (NEXT-121)</li> <li>Не работала опция «Отображать кнопку оформления заказа (для неавторизованных пользователей)» на странице оформления заказа. Кнопка отображалась всегда (NEXT-102)</li> <li>Не отключался вывод единиц измерения в просмотренных товарах при режиме показа просмотра «быстрый» (вертикальный и горизонтальный вид) (NEXT-130)</li> <li>Дублировался вывод скидок у товаров с торговыми предложениями (NEXT-114)</li> <li>Не изменялся пароль в форме восстановления пароля при включенной настройке «Использовать CAPTCHA при восстановлении пароля» (NEXT-202)</li> </ul> <br /> <b>Внимание!!! Перед установкой обновления ОБЯЗАТЕЛЬНО выполните полное резервное копирование сайта. Если вы вносили изменения в шаблон решения, то дополнительно скопируйте всю папку шаблона!</b>
2018-06-06 11:12:24 -  - exec CUpdateClientPartner::LoadModulesUpdates
2018-06-06 11:12:24 -  - exec CUpdateClientPartner::__CollectRequestData
2018-06-06 11:12:24 -  - utf=Y&lang=ru&stable=Y&CANGZIP=Y&SUPD_DBS=MYSQL&XE=N&CLIENT_SITE=fk62.ru&LICENSE_KEY=X&SUPD_STS=1&SUPD_URS=0&SUPD_URSA=1&TYPENC=E&CLIENT_PHPVER=7.1.9&NGINX=Y&dbv=5.6.39&instm=main%2C18.0.0%2CN%3Bfileman%2C18.0.0%2CN%3Blanding%2C18.3.0%2CN%3Bclouds%2C17.0.2%2CN%3Bsocialservices%2C17.5.4%2CN%3Bsubscribe%2C17.5.0%2CN%3Bperfmon%2C17.0.1%2CN%3Bpull%2C17.5.4%2CN%3Bb24connector%2C17.5.0%2CN%3Bforum%2C17.5.5%2CN%3Bsender%2C18.0.0%2CN%3Bcatalog%2C17.6.2%2CN%3Bsale%2C17.8.19%2CN%3Bbitrix.eshop%2C17.5.0%2CN%3Bconversion%2C17.5.0%2CN%3Breport%2C18.0.4%2CN%3Bsecurity%2C17.0.2%2CN%3Brest%2C18.0.1%2CN%3Bsearch%2C17.5.1%2CN%3Bbitrixcloud%2C17.5.0%2CN%3Biblock%2C17.6.3%2CN%3Bseo%2C18.0.0%2CN%3Bhighloadblock%2C17.5.0%2CN%3Bphotogallery%2C17.0.2%2CN%3Bcurrency%2C17.5.4%2CN%3Btranslate%2C16.0.0%2CN%3Bbitrix.sitecorporate%2C15.5.0%2CN%3Beshopapp%2C16.5.0%2CN%3Bmobileapp%2C17.5.1%2CN%3Bui%2C17.6.0%2CN%3Bcompression%2C16.0.0%2CN%3Bform%2C17.0.1%2CN%3Bblog%2C17.6.1%2CN%3Babtest%2C17.5.0%2CN%3Bmessageservice%2C18.0.0%2CN%3Bstoreassist%2C16.0.1%2CN%3Bvote%2C17.5.1%2CN%3Bscale%2C17.5.0%2CN%3Baspro.next%2C1.0.10%2CN&reqm=aspro.next&lim=Y&SUPD_SRS=RU&SUPD_CMP=N
2018-06-06 11:12:24 -  - exec CUpdateClientPartner::GetHTTPPage
2018-06-06 11:12:24 -  - TIME LoadModulesUpdates(request) 0.266 sec
2018-06-06 11:12:24 -  - exec CUpdateClientPartner::ParseServerData
2018-06-06 11:12:24 - S - STEP
2018-06-06 11:12:24 - LMU01 - LoadModulesUpdates-Step
2018-06-06 11:12:24 -  - exec CUpdateClientPartner::LoadModulesUpdates
2018-06-06 11:12:24 -  - exec CUpdateClientPartner::ParseServerData
2018-06-06 11:12:24 -  - loadFile
2018-06-06 11:12:24 - U - RETURN
2018-06-06 11:12:24 -  - exec CUpdateClientPartner::UnGzipArchive
2018-06-06 11:12:25 -  - TIME UnGzipArchive 0.049 sec
2018-06-06 11:12:25 - CSURUS1 - Run updater '/bitrix/updates/update_m1528272744/aspro.next/updater1.0.11.php'
2018-06-06 11:12:25 -  - TIME UpdateStepModules 0.21 sec
2018-06-06 11:12:25 - UPD_SUCCESS - Updated: aspro.next (1.0.11)<br><b>Новое в версии и улучшения:</b> <ul> <li>Добавлен вывод подсказок у свойств торговых предложений в карточке товара</li> <li>Описание раздела теперь отображается только на первой странице списка элементов</li> </ul> <b>Исправления:</b> <ul> <li>Возникали ошибки в микроразметке хлебных крошек</li> <li>В режиме кадрирования не работала функция кадрирования (NEXT-196)</li> <li>Некорректно выводились акции без анонса в карточке товара (NEXT-158)</li> </ul> <br /> <b>Внимание!!! Перед установкой обновления ОБЯЗАТЕЛЬНО выполните полное резервное копирование сайта. Если вы вносили изменения в шаблон решения, то дополнительно скопируйте всю папку шаблона!</b> 
2018-06-06 11:12:25 -  - exec CUpdateClientPartner::LoadModulesUpdates
2018-06-06 11:12:25 -  - exec CUpdateClientPartner::__CollectRequestData
2018-06-06 11:12:25 -  - utf=Y&lang=ru&stable=Y&CANGZIP=Y&SUPD_DBS=MYSQL&XE=N&CLIENT_SITE=fk62.ru&LICENSE_KEY=X&SUPD_STS=1&SUPD_URS=0&SUPD_URSA=1&TYPENC=E&CLIENT_PHPVER=7.1.9&NGINX=Y&dbv=5.6.39&instm=main%2C18.0.0%2CN%3Bfileman%2C18.0.0%2CN%3Blanding%2C18.3.0%2CN%3Bclouds%2C17.0.2%2CN%3Bsocialservices%2C17.5.4%2CN%3Bsubscribe%2C17.5.0%2CN%3Bperfmon%2C17.0.1%2CN%3Bpull%2C17.5.4%2CN%3Bb24connector%2C17.5.0%2CN%3Bforum%2C17.5.5%2CN%3Bsender%2C18.0.0%2CN%3Bcatalog%2C17.6.2%2CN%3Bsale%2C17.8.19%2CN%3Bbitrix.eshop%2C17.5.0%2CN%3Bconversion%2C17.5.0%2CN%3Breport%2C18.0.4%2CN%3Bsecurity%2C17.0.2%2CN%3Brest%2C18.0.1%2CN%3Bsearch%2C17.5.1%2CN%3Bbitrixcloud%2C17.5.0%2CN%3Biblock%2C17.6.3%2CN%3Bseo%2C18.0.0%2CN%3Bhighloadblock%2C17.5.0%2CN%3Bphotogallery%2C17.0.2%2CN%3Bcurrency%2C17.5.4%2CN%3Btranslate%2C16.0.0%2CN%3Bbitrix.sitecorporate%2C15.5.0%2CN%3Beshopapp%2C16.5.0%2CN%3Bmobileapp%2C17.5.1%2CN%3Bui%2C17.6.0%2CN%3Bcompression%2C16.0.0%2CN%3Bform%2C17.0.1%2CN%3Bblog%2C17.6.1%2CN%3Babtest%2C17.5.0%2CN%3Bmessageservice%2C18.0.0%2CN%3Bstoreassist%2C16.0.1%2CN%3Bvote%2C17.5.1%2CN%3Bscale%2C17.5.0%2CN%3Baspro.next%2C1.0.11%2CN&reqm=aspro.next&lim=Y&SUPD_SRS=RU&SUPD_CMP=N
2018-06-06 11:12:25 -  - exec CUpdateClientPartner::GetHTTPPage
2018-06-06 11:12:25 -  - TIME LoadModulesUpdates(request) 0.3 sec
2018-06-06 11:12:25 -  - exec CUpdateClientPartner::ParseServerData
2018-06-06 11:12:25 - S - STEP
2018-06-06 11:12:25 - LMU01 - LoadModulesUpdates-Step
2018-06-06 11:12:25 -  - exec CUpdateClientPartner::LoadModulesUpdates
2018-06-06 11:12:25 -  - exec CUpdateClientPartner::ParseServerData
2018-06-06 11:12:25 -  - loadFile
2018-06-06 11:12:26 - U - RETURN
2018-06-06 11:12:26 -  - exec CUpdateClientPartner::UnGzipArchive
2018-06-06 11:12:26 -  - TIME UnGzipArchive 0.109 sec
2018-06-06 11:12:26 - CSURUS1 - Run updater '/bitrix/updates/update_m1528272746/aspro.next/updater1.0.12.php'
2018-06-06 11:12:26 -  - TIME UpdateStepModules 0.487 sec
2018-06-06 11:12:27 - UPD_SUCCESS - Updated: aspro.next (1.0.12)<br><b>Новое в версии и улучшения:</b> <ul> <li>Переделан логотип в svg формат, иконки поиска, корзины, личного кабинета теперь размещаются непосредственно в коде шаблона – для идеального отображения на экранах любого размера.</li> <li>Добавлена возможность переходить на корневые пункты в мобильном меню</li> <li>В комплексный компонент каталога добавлен параметр, позволяющий включать/отключать расчет срока действия скидки для каждого торгового предложения</li> <li>Добавлен параметр «Использовать цену для фильтра» в комплексный компонент каталога. Он позволяет отображать цену в фильтре из параметра «Тип цены» в группе настроек «Настройки фильтра» (NEXT-313)</li> <li>Добавлен вывод количества каждого товара из комплекта, если число хотя бы одного товара комплекта больше единицы (NEXT-297)</li> <li>Добавлен вывод цен у товаров на странице сравнения (NEXT-295)</li> </ul> <b>Исправления:</b> <ul> <li>Не раскрывались характеристики при виде отображения «Список» при подгрузке товаров по кнопке «Показать еще» (NEXT-286)</li> <li>Не скрывались пункты в меню при изменении опции «Количество видимых пунктов в широком меню» в Центре управления (NEXT-247)</li> <li>Не отображались результаты поиска по заголовкам при фиксированной шапке «1» (NEXT-140)</li> <li>Возникали ошибки в валидаторе w3c при некоторых типах шапки и главной страницы (NEXT-122)</li> <li>Некорректно отображались иконки SKU в корзине, если у товара было много торговых предложений (NEXT-118)</li> <li>Не отображалось согласие на обработку персональных данных в формах при просмотре с телефона (NEXT-287)</li> <li>Некорректно отображалась галерея в карточке товара при просмотре с телефона (NEXT-163)</li> <li>Возникали затруднения при скролле страницы с картой в контактах на телефонах с маленьким экраном (NEXT-302)</li> <li>Не подставлялось название товара, услуги в формы при просмотре с телефона (NEXT-263)</li> <li>Не отображалась кнопка вызова формы при просмотре с телефона, если она была вызвана ранее и была нажата кнопка «Назад» (NEXT-301)</li> <li>Некорректно отображалась верстка в разделах с видом отображения «Блочный» при нажатии на кнопку «Загрузить еще» и медленном интернет-соединении (NEXT-314)</li> <li>Не отображалась кнопка «Отложить» при выключенном сравнении у товаров с торговыми предложениями (NEXT-282)</li> </ul> <br /> <b>Внимание!!! Перед установкой обновления ОБЯЗАТЕЛЬНО выполните полное резервное копирование сайта. Если вы вносили изменения в шаблон решения, то дополнительно скопируйте всю папку шаблона!</b> 
2018-06-06 11:12:27 -  - exec CUpdateClientPartner::LoadModulesUpdates
2018-06-06 11:12:27 -  - exec CUpdateClientPartner::__CollectRequestData
2018-06-06 11:12:27 -  - utf=Y&lang=ru&stable=Y&CANGZIP=Y&SUPD_DBS=MYSQL&XE=N&CLIENT_SITE=fk62.ru&LICENSE_KEY=X&SUPD_STS=1&SUPD_URS=0&SUPD_URSA=1&TYPENC=E&CLIENT_PHPVER=7.1.9&NGINX=Y&dbv=5.6.39&instm=main%2C18.0.0%2CN%3Bfileman%2C18.0.0%2CN%3Blanding%2C18.3.0%2CN%3Bclouds%2C17.0.2%2CN%3Bsocialservices%2C17.5.4%2CN%3Bsubscribe%2C17.5.0%2CN%3Bperfmon%2C17.0.1%2CN%3Bpull%2C17.5.4%2CN%3Bb24connector%2C17.5.0%2CN%3Bforum%2C17.5.5%2CN%3Bsender%2C18.0.0%2CN%3Bcatalog%2C17.6.2%2CN%3Bsale%2C17.8.19%2CN%3Bbitrix.eshop%2C17.5.0%2CN%3Bconversion%2C17.5.0%2CN%3Breport%2C18.0.4%2CN%3Bsecurity%2C17.0.2%2CN%3Brest%2C18.0.1%2CN%3Bsearch%2C17.5.1%2CN%3Bbitrixcloud%2C17.5.0%2CN%3Biblock%2C17.6.3%2CN%3Bseo%2C18.0.0%2CN%3Bhighloadblock%2C17.5.0%2CN%3Bphotogallery%2C17.0.2%2CN%3Bcurrency%2C17.5.4%2CN%3Btranslate%2C16.0.0%2CN%3Bbitrix.sitecorporate%2C15.5.0%2CN%3Beshopapp%2C16.5.0%2CN%3Bmobileapp%2C17.5.1%2CN%3Bui%2C17.6.0%2CN%3Bcompression%2C16.0.0%2CN%3Bform%2C17.0.1%2CN%3Bblog%2C17.6.1%2CN%3Babtest%2C17.5.0%2CN%3Bmessageservice%2C18.0.0%2CN%3Bstoreassist%2C16.0.1%2CN%3Bvote%2C17.5.1%2CN%3Bscale%2C17.5.0%2CN%3Baspro.next%2C1.0.12%2CN&reqm=aspro.next&lim=Y&SUPD_SRS=RU&SUPD_CMP=N
2018-06-06 11:12:27 -  - exec CUpdateClientPartner::GetHTTPPage
2018-06-06 11:12:27 -  - TIME LoadModulesUpdates(request) 0.301 sec
2018-06-06 11:12:27 -  - exec CUpdateClientPartner::ParseServerData
2018-06-06 11:12:27 - S - STEP
2018-06-06 11:12:27 - LMU01 - LoadModulesUpdates-Step
2018-06-06 11:12:27 -  - exec CUpdateClientPartner::LoadModulesUpdates
2018-06-06 11:12:27 -  - exec CUpdateClientPartner::ParseServerData
2018-06-06 11:12:27 -  - loadFile
2018-06-06 11:12:27 - U - RETURN
2018-06-06 11:12:27 -  - exec CUpdateClientPartner::UnGzipArchive
2018-06-06 11:12:28 -  - TIME UnGzipArchive 0.059 sec
2018-06-06 11:12:28 - CSURUS1 - Run updater '/bitrix/updates/update_m1528272747/aspro.next/updater1.1.0.php'
2018-06-06 11:12:28 -  - TIME UpdateStepModules 0.292 sec
2018-06-06 11:12:28 - UPD_SUCCESS - Updated: aspro.next (1.1.0)<br><b>Новое в версии и улучшения:</b> <ul> <li>Добавлена возможность производить интеграцию с CRM-системами amoCRM и Flowlu (NEXT-277)</li> <li>Добавлена возможность задавать тип отображения SKU отдельно для каждого раздела (NEXT-274)</li> <li>Добавлен вывод посадочных страниц по свойству привязки к разделу (NEXT-335)</li> <li>Добавлены социальные сети на детальную страницу сотрудника</li> </ul> <b>Исправления:</b> <ul> <li>При быстром заказе с телефона происходило перескакивание курсора в полях ввода (NEXT-286)</li> <li>Не отключался блок с заказом звонка при положении корзины «Снизу» (NEXT-218)</li> <li>Некорректно оформлялся быстрый заказ с детальной карточки товара, если в корзину были ранее добавлены товары (NEXT-356)</li> <li>Не отображалось верхнее меню на планшетах (NEXT-340)</li> <li>При включенной кнопке «Печать» ужималось название элемента в адаптиве (NEXT-154)</li> <li>В быстром просмотре не отображались свойства региона, заданные через REGION_TAG (NEXT-347)</li> <li>Не отображались посадочные страницы в каталоге после ajax-фильтрации (NEXT-332)</li> <li>Не отображалось количество товаров в счетчике, если не было выбранных свойств отбора торговых предложений (NEXT-343)</li> <li>При удалении товара из корзины, добавлении товара из отложенных, перемещении товара в отложенные счетчик общего количества товаров не менялся на странице корзины (NEXT-369)</li> </ul> <br /> <b>Внимание!!! Перед установкой обновления ОБЯЗАТЕЛЬНО выполните полное резервное копирование сайта. Если вы вносили изменения в шаблон решения, то дополнительно скопируйте всю папку шаблона!</b> 
2018-06-06 11:12:28 -  - exec CUpdateClientPartner::LoadModulesUpdates
2018-06-06 11:12:28 -  - exec CUpdateClientPartner::__CollectRequestData
2018-06-06 11:12:28 -  - utf=Y&lang=ru&stable=Y&CANGZIP=Y&SUPD_DBS=MYSQL&XE=N&CLIENT_SITE=fk62.ru&LICENSE_KEY=X&SUPD_STS=1&SUPD_URS=0&SUPD_URSA=1&TYPENC=E&CLIENT_PHPVER=7.1.9&NGINX=Y&dbv=5.6.39&instm=main%2C18.0.0%2CN%3Bfileman%2C18.0.0%2CN%3Blanding%2C18.3.0%2CN%3Bclouds%2C17.0.2%2CN%3Bsocialservices%2C17.5.4%2CN%3Bsubscribe%2C17.5.0%2CN%3Bperfmon%2C17.0.1%2CN%3Bpull%2C17.5.4%2CN%3Bb24connector%2C17.5.0%2CN%3Bforum%2C17.5.5%2CN%3Bsender%2C18.0.0%2CN%3Bcatalog%2C17.6.2%2CN%3Bsale%2C17.8.19%2CN%3Bbitrix.eshop%2C17.5.0%2CN%3Bconversion%2C17.5.0%2CN%3Breport%2C18.0.4%2CN%3Bsecurity%2C17.0.2%2CN%3Brest%2C18.0.1%2CN%3Bsearch%2C17.5.1%2CN%3Bbitrixcloud%2C17.5.0%2CN%3Biblock%2C17.6.3%2CN%3Bseo%2C18.0.0%2CN%3Bhighloadblock%2C17.5.0%2CN%3Bphotogallery%2C17.0.2%2CN%3Bcurrency%2C17.5.4%2CN%3Btranslate%2C16.0.0%2CN%3Bbitrix.sitecorporate%2C15.5.0%2CN%3Beshopapp%2C16.5.0%2CN%3Bmobileapp%2C17.5.1%2CN%3Bui%2C17.6.0%2CN%3Bcompression%2C16.0.0%2CN%3Bform%2C17.0.1%2CN%3Bblog%2C17.6.1%2CN%3Babtest%2C17.5.0%2CN%3Bmessageservice%2C18.0.0%2CN%3Bstoreassist%2C16.0.1%2CN%3Bvote%2C17.5.1%2CN%3Bscale%2C17.5.0%2CN%3Baspro.next%2C1.1.0%2CN&reqm=aspro.next&lim=Y&SUPD_SRS=RU&SUPD_CMP=N
2018-06-06 11:12:28 -  - exec CUpdateClientPartner::GetHTTPPage
2018-06-06 11:12:28 -  - TIME LoadModulesUpdates(request) 0.276 sec
2018-06-06 11:12:28 -  - exec CUpdateClientPartner::ParseServerData
2018-06-06 11:12:28 - S - STEP
2018-06-06 11:12:28 - LMU01 - LoadModulesUpdates-Step
2018-06-06 11:12:28 -  - exec CUpdateClientPartner::LoadModulesUpdates
2018-06-06 11:12:28 -  - exec CUpdateClientPartner::ParseServerData
2018-06-06 11:12:28 -  - loadFile
2018-06-06 11:12:29 - U - RETURN
2018-06-06 11:12:29 -  - exec CUpdateClientPartner::UnGzipArchive
2018-06-06 11:12:29 -  - TIME UnGzipArchive 0.101 sec
2018-06-06 11:12:29 - CSURUS1 - Run updater '/bitrix/updates/update_m1528272749/aspro.next/updater1.1.1.php'
2018-06-06 11:12:29 -  - TIME UpdateStepModules 0.453 sec
2018-06-06 11:12:29 - UPD_SUCCESS - Updated: aspro.next (1.1.1)<br><b>Новое в версии и улучшения:</b> <ul> <li>Добавлен второй вид показа подразделов каталога в левом меню. Настраивается в Центре управления (NEXT-409)</li> <li>Добавлена возможность редактировать пользовательские файлы кастомизации custom.css и custom.js из настроек модуля в отдельном разделе «Для разработчиков» (NEXT-349)</li> <li>Улучшен функционал авторизации на сайте через социальные сети. Если пользователь авторизуется/регистрируется через социальные сети и при этом на сайте уже существует пользователь с таким же email-адресом, будет создан единый профиль без дублей</li> <li>Добавлен новый вид отображения «Блочный» для связанных товаров в разделах «Производители», «Акции», «Новости», «Услуги», «Проекты», «Блог». Настраивается через параметры компонента (NEXT-308)</li> </ul> <b>Исправления:</b> <ul> <li>Некорректное отображение верстки в новостях с длинным текстом анонса при виде отображения плиткой (NEXT-401)</li> <li>Некорректное отображение верстки в прикрепленных документах при большом количестве документов (NEXT-371)</li> <li>В адаптивной версии не показывалась часть значений свойств при виде отображения в умном фильтре «Флажки» (NEXT-408)</li> <li>Нарушалась верстка разделов каталога при включенном режиме ajax на страницах пагинации при названии разделов в несколько строк (NEXT-127)</li> <li>В адаптивной версии на главной странице обрезались разделы, у которых не было подразделов при виде отображения списка разделов каталога «С подразделами» (NEXT-407)</li> <li>Исправлена логика работы региональности (NEXT-341)</li> <li>Если у привязанных к посадочной странице товаров или разделов были seo настройки, то они применялись к посадочной странице, даже если у нее были свои настройки seo (NEXT-254)</li> <li>В адаптивной версии не показывались иконки подсказок у товаров (NEXT-308)</li> <li>При настройке компонента каталога «Недоступные торговые предложения» в значении «Не отображать» отсутствующие торговые предложения показывались на странице поиска (NEXT-395)</li> <li>Некорректное отображение верстки разделов с товарами в разделе «Бренды» при квадратном логотипе бренда (NEXT-382)</li> <li>Значок увеличения картинки в адаптивной версии не центрировался (NEXT-362)</li> <li>Перескакивал курсор при использовании маски на телефонах модели Samsung (NEXT-346)</li> <li>Некорректно оформлялся быстрый заказ с детальной карточки товара, если в корзину ранее были добавлены товары (NEXT-378)</li> <li>При изменении названия стикера цвет стикера менялся на странице списка элементов. Теперь вывод стикеров приведен к одному виду для всех шаблонов. (NEXT-373)</li> </ul> <br /> <b>Внимание!!! Перед установкой обновления ОБЯЗАТЕЛЬНО выполните полное резервное копирование сайта. Если вы вносили изменения в шаблон решения, то дополнительно скопируйте всю папку шаблона!</b>
2018-06-06 11:12:30 -  - exec CUpdateClientPartner::LoadModulesUpdates
2018-06-06 11:12:30 -  - exec CUpdateClientPartner::__CollectRequestData
2018-06-06 11:12:30 -  - utf=Y&lang=ru&stable=Y&CANGZIP=Y&SUPD_DBS=MYSQL&XE=N&CLIENT_SITE=fk62.ru&LICENSE_KEY=X&SUPD_STS=1&SUPD_URS=0&SUPD_URSA=1&TYPENC=E&CLIENT_PHPVER=7.1.9&NGINX=Y&dbv=5.6.39&instm=main%2C18.0.0%2CN%3Bfileman%2C18.0.0%2CN%3Blanding%2C18.3.0%2CN%3Bclouds%2C17.0.2%2CN%3Bsocialservices%2C17.5.4%2CN%3Bsubscribe%2C17.5.0%2CN%3Bperfmon%2C17.0.1%2CN%3Bpull%2C17.5.4%2CN%3Bb24connector%2C17.5.0%2CN%3Bforum%2C17.5.5%2CN%3Bsender%2C18.0.0%2CN%3Bcatalog%2C17.6.2%2CN%3Bsale%2C17.8.19%2CN%3Bbitrix.eshop%2C17.5.0%2CN%3Bconversion%2C17.5.0%2CN%3Breport%2C18.0.4%2CN%3Bsecurity%2C17.0.2%2CN%3Brest%2C18.0.1%2CN%3Bsearch%2C17.5.1%2CN%3Bbitrixcloud%2C17.5.0%2CN%3Biblock%2C17.6.3%2CN%3Bseo%2C18.0.0%2CN%3Bhighloadblock%2C17.5.0%2CN%3Bphotogallery%2C17.0.2%2CN%3Bcurrency%2C17.5.4%2CN%3Btranslate%2C16.0.0%2CN%3Bbitrix.sitecorporate%2C15.5.0%2CN%3Beshopapp%2C16.5.0%2CN%3Bmobileapp%2C17.5.1%2CN%3Bui%2C17.6.0%2CN%3Bcompression%2C16.0.0%2CN%3Bform%2C17.0.1%2CN%3Bblog%2C17.6.1%2CN%3Babtest%2C17.5.0%2CN%3Bmessageservice%2C18.0.0%2CN%3Bstoreassist%2C16.0.1%2CN%3Bvote%2C17.5.1%2CN%3Bscale%2C17.5.0%2CN%3Baspro.next%2C1.1.1%2CN&reqm=aspro.next&lim=Y&SUPD_SRS=RU&SUPD_CMP=N
2018-06-06 11:12:30 -  - exec CUpdateClientPartner::GetHTTPPage
2018-06-06 11:12:30 -  - TIME LoadModulesUpdates(request) 0.26 sec
2018-06-06 11:12:30 -  - exec CUpdateClientPartner::ParseServerData
2018-06-06 11:12:30 - S - STEP
2018-06-06 11:12:30 - LMU01 - LoadModulesUpdates-Step
2018-06-06 11:12:30 -  - exec CUpdateClientPartner::LoadModulesUpdates
2018-06-06 11:12:30 -  - exec CUpdateClientPartner::ParseServerData
2018-06-06 11:12:30 -  - loadFile
2018-06-06 11:12:30 - U - RETURN
2018-06-06 11:12:30 -  - exec CUpdateClientPartner::UnGzipArchive
2018-06-06 11:12:31 -  - TIME UnGzipArchive 0.073 sec
2018-06-06 11:12:31 - CSURUS1 - Run updater '/bitrix/updates/update_m1528272750/aspro.next/updater1.1.2.php'
2018-06-06 11:12:31 -  - TIME UpdateStepModules 0.3 sec
2018-06-06 11:12:31 - UPD_SUCCESS - Updated: aspro.next (1.1.2)<br><b>Новое в версии и улучшения:</b> <ul> <li>В настройки комплексного компонента каталога добавлен параметр, позволяющий изменять вывод блоков «Персональные рекомендации», «Похожие товары», «Аксессуары» – не по табам, а друг под другом (NEXT-276)</li> <li>Добавлена возможность выводить Captcha в форме быстрого заказа (NEXT-128)</li> <li>Реализована поддержка нового стандартного шаблона корзины от 1С-Битрикс. Новый шаблон подключается по умолчанию при обновлении платформы и решения</li> <li>Добавлена возможность сортировать торговые предложения в режиме быстрого просмотра (NEXT-324)</li> </ul> <b>Исправления:</b> <ul> <li>Некорректная работа маски для телефонных номеров в форме быстрого заказа (NEXT-413)</li> <li>Не отображалась ссылка «Все» в постраничной навигации (NEXT-412)</li> <li>В шапке сайта обрезалось название товара в поиске (NEXT-132)</li> <li>Некорректное отображение блоков при выборе 3 типа шапки сайта (NEXT-348)</li> <li>При быстром просмотре дублировалась фотогалерея (NEXT-348)</li> <li>В карточке товара не работала сортировка для торговых предложений (NEXT-390)</li> </ul> <br /> <b>Внимание!!! Перед установкой обновления ОБЯЗАТЕЛЬНО выполните полное резервное копирование сайта. Если вы вносили изменения в шаблон решения, то дополнительно скопируйте всю папку шаблона!</b> 
2018-06-06 11:12:31 -  - exec CUpdateClientPartner::LoadModulesUpdates
2018-06-06 11:12:31 -  - exec CUpdateClientPartner::__CollectRequestData
2018-06-06 11:12:31 -  - utf=Y&lang=ru&stable=Y&CANGZIP=Y&SUPD_DBS=MYSQL&XE=N&CLIENT_SITE=fk62.ru&LICENSE_KEY=X&SUPD_STS=1&SUPD_URS=0&SUPD_URSA=1&TYPENC=E&CLIENT_PHPVER=7.1.9&NGINX=Y&dbv=5.6.39&instm=main%2C18.0.0%2CN%3Bfileman%2C18.0.0%2CN%3Blanding%2C18.3.0%2CN%3Bclouds%2C17.0.2%2CN%3Bsocialservices%2C17.5.4%2CN%3Bsubscribe%2C17.5.0%2CN%3Bperfmon%2C17.0.1%2CN%3Bpull%2C17.5.4%2CN%3Bb24connector%2C17.5.0%2CN%3Bforum%2C17.5.5%2CN%3Bsender%2C18.0.0%2CN%3Bcatalog%2C17.6.2%2CN%3Bsale%2C17.8.19%2CN%3Bbitrix.eshop%2C17.5.0%2CN%3Bconversion%2C17.5.0%2CN%3Breport%2C18.0.4%2CN%3Bsecurity%2C17.0.2%2CN%3Brest%2C18.0.1%2CN%3Bsearch%2C17.5.1%2CN%3Bbitrixcloud%2C17.5.0%2CN%3Biblock%2C17.6.3%2CN%3Bseo%2C18.0.0%2CN%3Bhighloadblock%2C17.5.0%2CN%3Bphotogallery%2C17.0.2%2CN%3Bcurrency%2C17.5.4%2CN%3Btranslate%2C16.0.0%2CN%3Bbitrix.sitecorporate%2C15.5.0%2CN%3Beshopapp%2C16.5.0%2CN%3Bmobileapp%2C17.5.1%2CN%3Bui%2C17.6.0%2CN%3Bcompression%2C16.0.0%2CN%3Bform%2C17.0.1%2CN%3Bblog%2C17.6.1%2CN%3Babtest%2C17.5.0%2CN%3Bmessageservice%2C18.0.0%2CN%3Bstoreassist%2C16.0.1%2CN%3Bvote%2C17.5.1%2CN%3Bscale%2C17.5.0%2CN%3Baspro.next%2C1.1.2%2CN&reqm=aspro.next&lim=Y&SUPD_SRS=RU&SUPD_CMP=N
2018-06-06 11:12:31 -  - exec CUpdateClientPartner::GetHTTPPage
2018-06-06 11:12:31 -  - TIME LoadModulesUpdates(request) 0.286 sec
2018-06-06 11:12:31 -  - exec CUpdateClientPartner::ParseServerData
2018-06-06 11:12:31 - S - STEP
2018-06-06 11:12:31 - LMU01 - LoadModulesUpdates-Step
2018-06-06 11:12:31 -  - exec CUpdateClientPartner::LoadModulesUpdates
2018-06-06 11:12:31 -  - exec CUpdateClientPartner::ParseServerData
2018-06-06 11:12:31 -  - loadFile
2018-06-06 11:12:32 - U - RETURN
2018-06-06 11:12:32 -  - exec CUpdateClientPartner::UnGzipArchive
2018-06-06 11:12:32 -  - TIME UnGzipArchive 0.189 sec
2018-06-06 11:12:32 - CSURUS1 - Run updater '/bitrix/updates/update_m1528272752/aspro.next/updater1.1.3.php'
2018-06-06 11:12:33 -  - TIME UpdateStepModules 0.863 sec
2018-06-06 11:12:33 - UPD_SUCCESS - Updated: aspro.next (1.1.3)<br><b>Новое в версии и улучшения:</b> <ul> <li>Добавлены новые варианты отображения детальных карточек товара под отдельные тематики с возможностью выбрать свой тип карточки для каждого раздела</li> <li>Добавлена лента Instagram для первой и третьей типов главной страницы (NEXT-307)</li> <li>В Центр управления добавлена настройка «Метка события \"Успешное оформления заказа\" в Google Tag Manager». Она позволяет передавать транзакцию/покупку в Google Analytics</li> </ul> <b>Исправления:</b> <ul> <li>Не проверялось корректное заполнение телефонного номера по маске в форме «Нашли дешевле» (NEXT-108)</li> <li>Не отображались отзывы, если они были в первом табе в карточке товара (NEXT-474)</li> <li>Некорректно отображались специальные символы в названии элемента в карточке товара (NEXT-478)</li> <li>Не отображались дополнительные вкладки в личном кабинете, если название вкладки было написано кириллицей (NEXT-485)</li> <li>При выключении отображения отзывов в карточке товара в адаптивной версии они все равно отображались (NEXT-479)</li> <li>Некорректная отправка отзывов в карточке товара (NEXT-426)</li> <li>Если в услугах были подразделы, то они дублировались в цепочке навигации (NEXT-438)</li> <li>Некорректно открывались привязанные к региону акции при отключенном региональном фильтре (NEXT-471)</li> <li>Некорректное отображение меню и поиска в шапке сайта при включенном композитном режиме (NEXT-458)</li> <li>В списке товаров у товаров с торговыми предложениями возникало дублирование экономии (NEXT-434)</li> <li>В карточке товара у подарков отображалась некорректная цена (NEXT-464)</li> <li>При включенном отображении фонового баннера возникала ошибка валидации w3.org (NEXT-420)</li> <li>Не осуществлялся переход в корзину с летающей корзины на Ipad (NEXT-492)</li> <li>Название бренда накладывалось на слово «Производитель» в карточке товара. Ошибка возникала, если у товара был указан артикул, а у бренда отсутствовала картинка (NEXT-422)</li> <li>При уменьшении экрана блок с контактной информацией в разделе «Контакты» частично закрывал кнопку уменьшения масштаба карты (NEXT-453)</li> <li>В мобильной версии при клике по кнопке «Поделиться» осуществлялся переход на сервис, который находился под кнопкой «Поделиться» (NEXT-454)</li> <li>При включенной региональности отсутствовала возможность выбрать город из списка городов, в котором находился посетитель (NEXT-472)</li> <li>Некорректная сортировка торговых предложений без параметра oid при переходе на детальную карточку товара (NEXT-261)</li> <li>В мобильной версии тизеры преимуществ смещались вверх, если у них была заполнена ссылка (NEXT-442).</li> </ul> <br /> <b>Внимание!!! Перед установкой обновления ОБЯЗАТЕЛЬНО выполните полное резервное копирование сайта. Если вы вносили изменения в шаблон решения, то дополнительно скопируйте всю папку шаблона!</b> 
2018-06-06 11:12:33 -  - exec CUpdateClientPartner::LoadModulesUpdates
2018-06-06 11:12:33 -  - exec CUpdateClientPartner::__CollectRequestData
2018-06-06 11:12:33 -  - utf=Y&lang=ru&stable=Y&CANGZIP=Y&SUPD_DBS=MYSQL&XE=N&CLIENT_SITE=fk62.ru&LICENSE_KEY=X&SUPD_STS=1&SUPD_URS=0&SUPD_URSA=1&TYPENC=E&CLIENT_PHPVER=7.1.9&NGINX=Y&dbv=5.6.39&instm=main%2C18.0.0%2CN%3Bfileman%2C18.0.0%2CN%3Blanding%2C18.3.0%2CN%3Bclouds%2C17.0.2%2CN%3Bsocialservices%2C17.5.4%2CN%3Bsubscribe%2C17.5.0%2CN%3Bperfmon%2C17.0.1%2CN%3Bpull%2C17.5.4%2CN%3Bb24connector%2C17.5.0%2CN%3Bforum%2C17.5.5%2CN%3Bsender%2C18.0.0%2CN%3Bcatalog%2C17.6.2%2CN%3Bsale%2C17.8.19%2CN%3Bbitrix.eshop%2C17.5.0%2CN%3Bconversion%2C17.5.0%2CN%3Breport%2C18.0.4%2CN%3Bsecurity%2C17.0.2%2CN%3Brest%2C18.0.1%2CN%3Bsearch%2C17.5.1%2CN%3Bbitrixcloud%2C17.5.0%2CN%3Biblock%2C17.6.3%2CN%3Bseo%2C18.0.0%2CN%3Bhighloadblock%2C17.5.0%2CN%3Bphotogallery%2C17.0.2%2CN%3Bcurrency%2C17.5.4%2CN%3Btranslate%2C16.0.0%2CN%3Bbitrix.sitecorporate%2C15.5.0%2CN%3Beshopapp%2C16.5.0%2CN%3Bmobileapp%2C17.5.1%2CN%3Bui%2C17.6.0%2CN%3Bcompression%2C16.0.0%2CN%3Bform%2C17.0.1%2CN%3Bblog%2C17.6.1%2CN%3Babtest%2C17.5.0%2CN%3Bmessageservice%2C18.0.0%2CN%3Bstoreassist%2C16.0.1%2CN%3Bvote%2C17.5.1%2CN%3Bscale%2C17.5.0%2CN%3Baspro.next%2C1.1.3%2CN&reqm=aspro.next&lim=Y&SUPD_SRS=RU&SUPD_CMP=N
2018-06-06 11:12:33 -  - exec CUpdateClientPartner::GetHTTPPage
2018-06-06 11:12:34 -  - TIME LoadModulesUpdates(request) 0.273 sec
2018-06-06 11:12:34 -  - exec CUpdateClientPartner::ParseServerData
2018-06-06 11:12:34 - S - STEP
2018-06-06 11:12:34 - LMU01 - LoadModulesUpdates-Step
2018-06-06 11:12:34 -  - exec CUpdateClientPartner::LoadModulesUpdates
2018-06-06 11:12:34 -  - exec CUpdateClientPartner::ParseServerData
2018-06-06 11:12:34 -  - loadFile
2018-06-06 11:12:34 - U - RETURN
2018-06-06 11:12:34 -  - exec CUpdateClientPartner::UnGzipArchive
2018-06-06 11:12:34 -  - TIME UnGzipArchive 0.097 sec
2018-06-06 11:12:34 - CSURUS1 - Run updater '/bitrix/updates/update_m1528272754/aspro.next/updater1.1.4.php'
2018-06-06 11:12:35 -  - TIME UpdateStepModules 0.288 sec
2018-06-06 11:12:35 - UPD_SUCCESS - Updated: aspro.next (1.1.4)<br><b>Новое в версии и улучшения:</b> <ul> <li>Для блочного шаблона привязанных товаров добавлена пагинация с отображением на странице бренда, новости, услуги (NEXT-503)</li> <li>В параметры комплексного компонента каталога добавлена настройка «Отображать товары» для посадочных страниц (NEXT-534)</li> <li>В Центр управления добавлена настройка, которая позволяет управлять отображением общей цены у товара в списке и на детальной странице (NEXT-190)</li> <li>Добавлена возможность множественной привязки разделов в посадочных страницах</li> <li>Добавлена возможность привязывать посадочные страницы в каталоге к определенным регионам (NEXT-493).</li> </ul> <b>Исправления:</b> <ul> <li>В корзине формировались некорректные ссылки для отчетов Яндекса (NEXT-236)</li> <li>Не отображались свойства торговых предложений для карточек товара «Строительство и ремонт» и «Одежда и обувь» (NEXT-236)</li> <li>Не заменялись теги региона, заданные в описании раздела при включенном автокомпозите (NEXT-516)</li> <li>Возникали ошибки валидации в разделах каталога при отображении списком (NEXT-514)</li> <li>Некорректное округление покупаемого количества при дробном коэффициенте единицы измерения (NEXT-505)</li> <li>Если у свойства с типом «Справочник» у одного из значений была удалена картинка, остальные значения отображались без картинок (NEXT-251)</li> <li>При включении левого блока и формы «Задать вопрос» на детальной странице акции происходило смещение левого блока (NEXT-520)</li> <li>При выборе опции «Показывать элементы подразделов раздела:» только активных подразделов в параметрах комплексного компонента каталога ничего не отображалось (NEXT-441)</li> <li>Подтягивалось неверное значение в поле «Название товара» при вызове формы «Нашли дешевле» из быстрого просмотра (NEXT-515)</li> <li>Иногда происходил некорректный пересчет высоты элементов в списке товаров каталога при блочном отображении (NEXT-169)</li> <li>В композитном режиме в списке товаров и карточке товара возникало большое количество служебных хитов, приводящих к блокировке сайта для пользователя, если был включен «Контроль активности» модуля «Веб аналитика» (NEXT-558)</li> </ul> <br /> <b>Внимание!!! Перед установкой обновления ОБЯЗАТЕЛЬНО выполните полное резервное копирование сайта. Если вы вносили изменения в шаблон решения, то дополнительно скопируйте всю папку шаблона!</b> 
2018-06-06 11:12:35 -  - exec CUpdateClientPartner::LoadModulesUpdates
2018-06-06 11:12:35 -  - exec CUpdateClientPartner::__CollectRequestData
2018-06-06 11:12:35 -  - utf=Y&lang=ru&stable=Y&CANGZIP=Y&SUPD_DBS=MYSQL&XE=N&CLIENT_SITE=fk62.ru&LICENSE_KEY=X&SUPD_STS=1&SUPD_URS=0&SUPD_URSA=1&TYPENC=E&CLIENT_PHPVER=7.1.9&NGINX=Y&dbv=5.6.39&instm=main%2C18.0.0%2CN%3Bfileman%2C18.0.0%2CN%3Blanding%2C18.3.0%2CN%3Bclouds%2C17.0.2%2CN%3Bsocialservices%2C17.5.4%2CN%3Bsubscribe%2C17.5.0%2CN%3Bperfmon%2C17.0.1%2CN%3Bpull%2C17.5.4%2CN%3Bb24connector%2C17.5.0%2CN%3Bforum%2C17.5.5%2CN%3Bsender%2C18.0.0%2CN%3Bcatalog%2C17.6.2%2CN%3Bsale%2C17.8.19%2CN%3Bbitrix.eshop%2C17.5.0%2CN%3Bconversion%2C17.5.0%2CN%3Breport%2C18.0.4%2CN%3Bsecurity%2C17.0.2%2CN%3Brest%2C18.0.1%2CN%3Bsearch%2C17.5.1%2CN%3Bbitrixcloud%2C17.5.0%2CN%3Biblock%2C17.6.3%2CN%3Bseo%2C18.0.0%2CN%3Bhighloadblock%2C17.5.0%2CN%3Bphotogallery%2C17.0.2%2CN%3Bcurrency%2C17.5.4%2CN%3Btranslate%2C16.0.0%2CN%3Bbitrix.sitecorporate%2C15.5.0%2CN%3Beshopapp%2C16.5.0%2CN%3Bmobileapp%2C17.5.1%2CN%3Bui%2C17.6.0%2CN%3Bcompression%2C16.0.0%2CN%3Bform%2C17.0.1%2CN%3Bblog%2C17.6.1%2CN%3Babtest%2C17.5.0%2CN%3Bmessageservice%2C18.0.0%2CN%3Bstoreassist%2C16.0.1%2CN%3Bvote%2C17.5.1%2CN%3Bscale%2C17.5.0%2CN%3Baspro.next%2C1.1.4%2CN&reqm=aspro.next&lim=Y&SUPD_SRS=RU&SUPD_CMP=N
2018-06-06 11:12:35 -  - exec CUpdateClientPartner::GetHTTPPage
2018-06-06 11:12:35 -  - TIME LoadModulesUpdates(request) 0.265 sec
2018-06-06 11:12:35 -  - exec CUpdateClientPartner::ParseServerData
2018-06-06 11:12:35 - S - STEP
2018-06-06 11:12:35 - LMU01 - LoadModulesUpdates-Step
2018-06-06 11:12:35 -  - exec CUpdateClientPartner::LoadModulesUpdates
2018-06-06 11:12:35 -  - exec CUpdateClientPartner::ParseServerData
2018-06-06 11:12:35 -  - loadFile
2018-06-06 11:12:35 - U - RETURN
2018-06-06 11:12:35 -  - exec CUpdateClientPartner::UnGzipArchive
2018-06-06 11:12:36 -  - TIME UnGzipArchive 0.082 sec
2018-06-06 11:12:36 - CSURUS1 - Run updater '/bitrix/updates/update_m1528272755/aspro.next/updater1.1.5.php'
2018-06-06 11:12:36 -  - TIME UpdateStepModules 0.479 sec
2018-06-06 11:12:36 - UPD_SUCCESS - Updated: aspro.next (1.1.5)<br><b>Исправления:</b> <ul> <li>Исправление работы быстрого заказа в корзине</li> <li>Съезжал баннер над шапкой при установленной опции \"Масштабировать\" (NEXT-547)</li> </ul> <br /> <b>Внимание!!! Перед установкой обновления ОБЯЗАТЕЛЬНО выполните полное резервное копирование сайта. Если вы вносили изменения в шаблон решения, то дополнительно скопируйте всю папку шаблона!</b> 
2018-06-06 11:12:36 -  - exec CUpdateClientPartner::LoadModulesUpdates
2018-06-06 11:12:36 -  - exec CUpdateClientPartner::__CollectRequestData
2018-06-06 11:12:36 -  - utf=Y&lang=ru&stable=Y&CANGZIP=Y&SUPD_DBS=MYSQL&XE=N&CLIENT_SITE=fk62.ru&LICENSE_KEY=X&SUPD_STS=1&SUPD_URS=0&SUPD_URSA=1&TYPENC=E&CLIENT_PHPVER=7.1.9&NGINX=Y&dbv=5.6.39&instm=main%2C18.0.0%2CN%3Bfileman%2C18.0.0%2CN%3Blanding%2C18.3.0%2CN%3Bclouds%2C17.0.2%2CN%3Bsocialservices%2C17.5.4%2CN%3Bsubscribe%2C17.5.0%2CN%3Bperfmon%2C17.0.1%2CN%3Bpull%2C17.5.4%2CN%3Bb24connector%2C17.5.0%2CN%3Bforum%2C17.5.5%2CN%3Bsender%2C18.0.0%2CN%3Bcatalog%2C17.6.2%2CN%3Bsale%2C17.8.19%2CN%3Bbitrix.eshop%2C17.5.0%2CN%3Bconversion%2C17.5.0%2CN%3Breport%2C18.0.4%2CN%3Bsecurity%2C17.0.2%2CN%3Brest%2C18.0.1%2CN%3Bsearch%2C17.5.1%2CN%3Bbitrixcloud%2C17.5.0%2CN%3Biblock%2C17.6.3%2CN%3Bseo%2C18.0.0%2CN%3Bhighloadblock%2C17.5.0%2CN%3Bphotogallery%2C17.0.2%2CN%3Bcurrency%2C17.5.4%2CN%3Btranslate%2C16.0.0%2CN%3Bbitrix.sitecorporate%2C15.5.0%2CN%3Beshopapp%2C16.5.0%2CN%3Bmobileapp%2C17.5.1%2CN%3Bui%2C17.6.0%2CN%3Bcompression%2C16.0.0%2CN%3Bform%2C17.0.1%2CN%3Bblog%2C17.6.1%2CN%3Babtest%2C17.5.0%2CN%3Bmessageservice%2C18.0.0%2CN%3Bstoreassist%2C16.0.1%2CN%3Bvote%2C17.5.1%2CN%3Bscale%2C17.5.0%2CN%3Baspro.next%2C1.1.5%2CN&reqm=aspro.next&lim=Y&SUPD_SRS=RU&SUPD_CMP=N
2018-06-06 11:12:36 -  - exec CUpdateClientPartner::GetHTTPPage
2018-06-06 11:12:36 -  - TIME LoadModulesUpdates(request) 0.278 sec
2018-06-06 11:12:36 -  - exec CUpdateClientPartner::ParseServerData
2018-06-06 11:12:36 - S - STEP
2018-06-06 11:12:36 - LMU01 - LoadModulesUpdates-Step
2018-06-06 11:12:36 -  - exec CUpdateClientPartner::LoadModulesUpdates
2018-06-06 11:12:36 -  - exec CUpdateClientPartner::ParseServerData
2018-06-06 11:12:36 -  - loadFile
2018-06-06 11:12:37 - U - RETURN
2018-06-06 11:12:37 -  - exec CUpdateClientPartner::UnGzipArchive
2018-06-06 11:12:37 -  - TIME UnGzipArchive 0.121 sec
2018-06-06 11:12:37 - CSURUS1 - Run updater '/bitrix/updates/update_m1528272757/aspro.next/updater1.1.6.php'
2018-06-06 11:12:38 -  - TIME UpdateStepModules 0.353 sec
2018-06-06 11:12:38 - UPD_SUCCESS - Updated: aspro.next (1.1.6)<br><b>Новое в версии и улучшения:</b> <ul> <li>В Центр управления добавлена настройка, позволяющая включать/отключать отображение товара в фиксированной шапке для карточек товара «Строительство и ремонт», «Дизайнерские товары» и «Одежда и обувь» (NEXT-536)</li> <li>В Центр управления добавлена настройка, позволяющая включать/отключать отображение отсутствующих товаров в поиске в шапке (NEXT-476)</li> <li>При включенной региональности в строке поиска шапки сайта товары отображаются с ценой в текущем регионе (NEXT-576)</li> <li>В Центр управления добавлена настройка для свойств типа «Справочник», позволяющая отображать либо заглушку с картинкой, либо значение свойства, если у свойства отсутствует картинка (NEXT-571)</li> <li>В Центр управления добавлена настройка, позволяющая изменять текст кнопок «В корзину», «В корзине» и «Подробнее» (NEXT-551)</li> <li>Добавлена возможность привязывать посадочные страницы из раздела «Обзоры» к определенным регионам (NEXT-566)</li> <li>Реализован переход в связанный раздел с отфильтрованными товарами по бренду с детальной страницы бренда (NEXT-429)</li> <li>Реализована возможность передавать артикул товара в заказ (NEXT-554)</li> </ul> <b>Исправления:</b> <ul> <li>Отображалась нулевая цена у товаров с торговыми предложениями (NEXT-533)</li> <li>Некорректно выводились значения свойств тегов региона с типом «HTML\\текст» (NEXT-400)</li> <li>Не отображался счетчик акции в карточке у товаров с торговыми предложениями при типе SKU 2 и включенном параметре «Отображать срок действия скидки для каждого торгового предложения» (NEXT-568)</li> <li>При открытии сайта через встроенный браузер приложения Инстаграм не отрабатывали js-скрипты (NEXT-562)</li> <li>Не менялся порядок сортировки типов цен у товаров при включенном параметре «Использовать вывод цен с диапазонами» (NEXT-550)</li> <li>При добавлении в корзину не работал выбор значения множественного свойства (NEXT-523)</li> <li>На странице поиска при переходе на первую страницу постраничной навигации осуществлялся переход на страницу каталога (NEXT-197)</li> <li>Если не была установлена опция «Логин равен email» в Центре управления, то при восстановлении пароля не было возможности восстановить его по логину (NEXT-572)</li> </ul> <br /> <b>Внимание!!! Перед установкой обновления ОБЯЗАТЕЛЬНО выполните полное резервное копирование сайта. Если вы вносили изменения в шаблон решения, то дополнительно скопируйте всю папку шаблона!</b>
2018-06-06 11:12:38 -  - exec CUpdateClientPartner::LoadModulesUpdates
2018-06-06 11:12:38 -  - exec CUpdateClientPartner::__CollectRequestData
2018-06-06 11:12:38 -  - utf=Y&lang=ru&stable=Y&CANGZIP=Y&SUPD_DBS=MYSQL&XE=N&CLIENT_SITE=fk62.ru&LICENSE_KEY=X&SUPD_STS=1&SUPD_URS=0&SUPD_URSA=1&TYPENC=E&CLIENT_PHPVER=7.1.9&NGINX=Y&dbv=5.6.39&instm=main%2C18.0.0%2CN%3Bfileman%2C18.0.0%2CN%3Blanding%2C18.3.0%2CN%3Bclouds%2C17.0.2%2CN%3Bsocialservices%2C17.5.4%2CN%3Bsubscribe%2C17.5.0%2CN%3Bperfmon%2C17.0.1%2CN%3Bpull%2C17.5.4%2CN%3Bb24connector%2C17.5.0%2CN%3Bforum%2C17.5.5%2CN%3Bsender%2C18.0.0%2CN%3Bcatalog%2C17.6.2%2CN%3Bsale%2C17.8.19%2CN%3Bbitrix.eshop%2C17.5.0%2CN%3Bconversion%2C17.5.0%2CN%3Breport%2C18.0.4%2CN%3Bsecurity%2C17.0.2%2CN%3Brest%2C18.0.1%2CN%3Bsearch%2C17.5.1%2CN%3Bbitrixcloud%2C17.5.0%2CN%3Biblock%2C17.6.3%2CN%3Bseo%2C18.0.0%2CN%3Bhighloadblock%2C17.5.0%2CN%3Bphotogallery%2C17.0.2%2CN%3Bcurrency%2C17.5.4%2CN%3Btranslate%2C16.0.0%2CN%3Bbitrix.sitecorporate%2C15.5.0%2CN%3Beshopapp%2C16.5.0%2CN%3Bmobileapp%2C17.5.1%2CN%3Bui%2C17.6.0%2CN%3Bcompression%2C16.0.0%2CN%3Bform%2C17.0.1%2CN%3Bblog%2C17.6.1%2CN%3Babtest%2C17.5.0%2CN%3Bmessageservice%2C18.0.0%2CN%3Bstoreassist%2C16.0.1%2CN%3Bvote%2C17.5.1%2CN%3Bscale%2C17.5.0%2CN%3Baspro.next%2C1.1.6%2CN&reqm=aspro.next&lim=Y&SUPD_SRS=RU&SUPD_CMP=N
2018-06-06 11:12:38 -  - exec CUpdateClientPartner::GetHTTPPage
2018-06-06 11:12:38 -  - TIME LoadModulesUpdates(request) 0.288 sec
2018-06-06 11:12:38 -  - exec CUpdateClientPartner::ParseServerData
2018-06-06 11:12:38 - STEP - Finish - NOUPDATES
2018-06-06 11:12:38 - STEP - Finish - NOUPDATES
2018-06-06 11:12:52 -  - exec CUpdateClientPartner::GetUpdatesList
2018-06-06 11:12:52 -  - exec CUpdateClientPartner::__CollectRequestData
2018-06-06 11:12:52 -  - utf=Y&lang=ru&stable=Y&CANGZIP=Y&SUPD_DBS=MYSQL&XE=N&CLIENT_SITE=fk62.ru&LICENSE_KEY=X&SUPD_STS=1&SUPD_URS=0&SUPD_URSA=1&TYPENC=E&CLIENT_PHPVER=7.1.9&NGINX=Y&dbv=5.6.39&instm=main%2C18.0.0%2CN%3Bfileman%2C18.0.0%2CN%3Blanding%2C18.3.0%2CN%3Bclouds%2C17.0.2%2CN%3Bsocialservices%2C17.5.4%2CN%3Bsubscribe%2C17.5.0%2CN%3Bperfmon%2C17.0.1%2CN%3Bpull%2C17.5.4%2CN%3Bb24connector%2C17.5.0%2CN%3Bforum%2C17.5.5%2CN%3Bsender%2C18.0.0%2CN%3Bcatalog%2C17.6.2%2CN%3Bsale%2C17.8.19%2CN%3Bbitrix.eshop%2C17.5.0%2CN%3Bconversion%2C17.5.0%2CN%3Breport%2C18.0.4%2CN%3Bsecurity%2C17.0.2%2CN%3Brest%2C18.0.1%2CN%3Bsearch%2C17.5.1%2CN%3Bbitrixcloud%2C17.5.0%2CN%3Biblock%2C17.6.3%2CN%3Bseo%2C18.0.0%2CN%3Bhighloadblock%2C17.5.0%2CN%3Bphotogallery%2C17.0.2%2CN%3Bcurrency%2C17.5.4%2CN%3Btranslate%2C16.0.0%2CN%3Bbitrix.sitecorporate%2C15.5.0%2CN%3Beshopapp%2C16.5.0%2CN%3Bmobileapp%2C17.5.1%2CN%3Bui%2C17.6.0%2CN%3Bcompression%2C16.0.0%2CN%3Bform%2C17.0.1%2CN%3Bblog%2C17.6.1%2CN%3Babtest%2C17.5.0%2CN%3Bmessageservice%2C18.0.0%2CN%3Bstoreassist%2C16.0.1%2CN%3Bvote%2C17.5.1%2CN%3Bscale%2C17.5.0%2CN%3Baspro.next%2C1.1.6%2CN&reqm=bitrix.eshop%2Cbitrix.sitecorporate%2Caspro.next&fullmoduleinfo=Y&SUPD_SRS=RU&SUPD_CMP=N
2018-06-06 11:12:52 -  - exec CUpdateClientPartner::GetHTTPPage
2018-06-06 11:12:52 -  - TIME GetUpdatesList(request) 0.275 sec
2018-06-06 11:12:52 -  - exec CUpdateClientPartner::ParseServerData
2018-06-06 11:27:10 -  - exec CUpdateClientPartner::GetUpdatesList
2018-06-06 11:27:10 -  - exec CUpdateClientPartner::__CollectRequestData
2018-06-06 11:27:10 -  - utf=Y&lang=ru&stable=Y&CANGZIP=Y&SUPD_DBS=MYSQL&XE=N&CLIENT_SITE=fk62.ru&LICENSE_KEY=X&SUPD_STS=1&SUPD_URS=0&SUPD_URSA=1&TYPENC=E&CLIENT_PHPVER=7.1.9&NGINX=Y&dbv=5.6.39&instm=main%2C18.0.0%2CN%3Bfileman%2C18.0.0%2CN%3Blanding%2C18.3.0%2CN%3Bclouds%2C17.0.2%2CN%3Bsocialservices%2C17.5.4%2CN%3Bsubscribe%2C17.5.0%2CN%3Bperfmon%2C17.0.1%2CN%3Bpull%2C17.5.4%2CN%3Bb24connector%2C17.5.0%2CN%3Bforum%2C17.5.5%2CN%3Bsender%2C18.0.0%2CN%3Bcatalog%2C17.6.2%2CN%3Bsale%2C17.8.19%2CN%3Bbitrix.eshop%2C17.5.0%2CN%3Bconversion%2C17.5.0%2CN%3Breport%2C18.0.4%2CN%3Bsecurity%2C17.0.2%2CN%3Brest%2C18.0.1%2CN%3Bsearch%2C17.5.1%2CN%3Bbitrixcloud%2C17.5.0%2CN%3Biblock%2C17.6.3%2CN%3Bseo%2C18.0.0%2CN%3Bhighloadblock%2C17.5.0%2CN%3Bphotogallery%2C17.0.2%2CN%3Bcurrency%2C17.5.4%2CN%3Btranslate%2C16.0.0%2CN%3Bbitrix.sitecorporate%2C15.5.0%2CN%3Beshopapp%2C16.5.0%2CN%3Bmobileapp%2C17.5.1%2CN%3Bui%2C17.6.0%2CN%3Bcompression%2C16.0.0%2CN%3Bform%2C17.0.1%2CN%3Bblog%2C17.6.1%2CN%3Babtest%2C17.5.0%2CN%3Bmessageservice%2C18.0.0%2CN%3Bstoreassist%2C16.0.1%2CN%3Bvote%2C17.5.1%2CN%3Bscale%2C17.5.0%2CN%3Baspro.next%2C1.1.6%2CN&reqm=aspro.next&fullmoduleinfo=Y&SUPD_SRS=RU&SUPD_CMP=N
2018-06-06 11:27:10 -  - exec CUpdateClientPartner::GetHTTPPage
2018-06-06 11:27:11 -  - TIME GetUpdatesList(request) 0.286 sec
2018-06-06 11:27:11 -  - exec CUpdateClientPartner::ParseServerData
2018-07-11 16:58:24 -  - exec CUpdateClientPartner::__CollectRequestData
2018-07-11 16:58:24 -  - exec CUpdateClientPartner::GetHTTPPage
2018-07-11 16:58:24 -  - exec CUpdateClientPartner::ParseServerData
2018-07-11 16:58:24 -  - exec CUpdateClientPartner::GetUpdatesList
2018-07-11 16:58:24 -  - exec CUpdateClientPartner::__CollectRequestData
2018-07-11 16:58:24 -  - utf=Y&lang=ru&stable=Y&CANGZIP=Y&SUPD_DBS=MYSQL&XE=N&CLIENT_SITE=fk62.ru&LICENSE_KEY=X&SUPD_STS=1&SUPD_URS=0&SUPD_URSA=1&TYPENC=E&CLIENT_PHPVER=7.1.9&NGINX=Y&dbv=5.6.39&instm=main%2C18.0.0%2CN%3Bfileman%2C18.0.0%2CN%3Blanding%2C18.3.0%2CN%3Bclouds%2C17.0.2%2CN%3Bsocialservices%2C17.5.4%2CN%3Bsubscribe%2C17.5.0%2CN%3Bperfmon%2C17.0.1%2CN%3Bpull%2C17.5.4%2CN%3Bb24connector%2C17.5.0%2CN%3Bforum%2C17.5.5%2CN%3Bsender%2C18.0.0%2CN%3Bcatalog%2C17.6.2%2CN%3Bsale%2C17.8.19%2CN%3Bbitrix.eshop%2C17.5.0%2CN%3Bconversion%2C17.5.0%2CN%3Breport%2C18.0.4%2CN%3Bsecurity%2C17.0.2%2CN%3Brest%2C18.0.1%2CN%3Bsearch%2C17.5.1%2CN%3Bbitrixcloud%2C17.5.0%2CN%3Biblock%2C17.6.3%2CN%3Bseo%2C18.0.0%2CN%3Bhighloadblock%2C17.5.0%2CN%3Bphotogallery%2C17.0.2%2CN%3Bcurrency%2C17.5.4%2CN%3Btranslate%2C16.0.0%2CN%3Bbitrix.sitecorporate%2C15.5.0%2CN%3Beshopapp%2C16.5.0%2CN%3Bmobileapp%2C17.5.1%2CN%3Bui%2C17.6.0%2CN%3Bcompression%2C16.0.0%2CN%3Bform%2C17.0.1%2CN%3Bblog%2C17.6.1%2CN%3Babtest%2C17.5.0%2CN%3Bmessageservice%2C18.0.0%2CN%3Bstoreassist%2C16.0.1%2CN%3Bvote%2C17.5.1%2CN%3Bscale%2C17.5.0%2CN%3Baspro.next%2C1.1.6%2CN&reqm=bitrix.eshop%2Cbitrix.sitecorporate%2Caspro.next&fullmoduleinfo=Y&SUPD_SRS=RU&SUPD_CMP=N
2018-07-11 16:58:24 -  - exec CUpdateClientPartner::GetHTTPPage
2018-07-11 16:58:24 -  - TIME GetUpdatesList(request) 0.278 sec
2018-07-11 16:58:24 -  - exec CUpdateClientPartner::ParseServerData
2018-07-11 16:58:24 -  - exec CUpdateClientPartner::__CollectRequestData
2018-07-11 16:58:24 -  - exec CUpdateClientPartner::GetHTTPPage
2018-07-11 16:58:24 -  - exec CUpdateClientPartner::ParseServerData
2018-07-11 16:58:28 -  - exec CUpdateClientPartner::GetUpdatesList
2018-07-11 16:58:28 -  - exec CUpdateClientPartner::__CollectRequestData
2018-07-11 16:58:28 -  - utf=Y&lang=ru&stable=Y&CANGZIP=Y&SUPD_DBS=MYSQL&XE=N&CLIENT_SITE=fk62.ru&LICENSE_KEY=X&SUPD_STS=1&SUPD_URS=0&SUPD_URSA=1&TYPENC=E&CLIENT_PHPVER=7.1.9&NGINX=Y&dbv=5.6.39&instm=main%2C18.0.0%2CN%3Bfileman%2C18.0.0%2CN%3Blanding%2C18.3.0%2CN%3Bclouds%2C17.0.2%2CN%3Bsocialservices%2C17.5.4%2CN%3Bsubscribe%2C17.5.0%2CN%3Bperfmon%2C17.0.1%2CN%3Bpull%2C17.5.4%2CN%3Bb24connector%2C17.5.0%2CN%3Bforum%2C17.5.5%2CN%3Bsender%2C18.0.0%2CN%3Bcatalog%2C17.6.2%2CN%3Bsale%2C17.8.19%2CN%3Bbitrix.eshop%2C17.5.0%2CN%3Bconversion%2C17.5.0%2CN%3Breport%2C18.0.4%2CN%3Bsecurity%2C17.0.2%2CN%3Brest%2C18.0.1%2CN%3Bsearch%2C17.5.1%2CN%3Bbitrixcloud%2C17.5.0%2CN%3Biblock%2C17.6.3%2CN%3Bseo%2C18.0.0%2CN%3Bhighloadblock%2C17.5.0%2CN%3Bphotogallery%2C17.0.2%2CN%3Bcurrency%2C17.5.4%2CN%3Btranslate%2C16.0.0%2CN%3Bbitrix.sitecorporate%2C15.5.0%2CN%3Beshopapp%2C16.5.0%2CN%3Bmobileapp%2C17.5.1%2CN%3Bui%2C17.6.0%2CN%3Bcompression%2C16.0.0%2CN%3Bform%2C17.0.1%2CN%3Bblog%2C17.6.1%2CN%3Babtest%2C17.5.0%2CN%3Bmessageservice%2C18.0.0%2CN%3Bstoreassist%2C16.0.1%2CN%3Bvote%2C17.5.1%2CN%3Bscale%2C17.5.0%2CN%3Baspro.next%2C1.1.6%2CN&reqm=aspro.next&fullmoduleinfo=Y&SUPD_SRS=RU&SUPD_CMP=N
2018-07-11 16:58:28 -  - exec CUpdateClientPartner::GetHTTPPage
2018-07-11 16:58:28 -  - TIME GetUpdatesList(request) 0.271 sec
2018-07-11 16:58:28 -  - exec CUpdateClientPartner::ParseServerData
2018-07-11 17:07:15 -  - exec CUpdateClientPartner::GetUpdatesList
2018-07-11 17:07:15 -  - exec CUpdateClientPartner::__CollectRequestData
2018-07-11 17:07:15 -  - utf=Y&lang=ru&stable=Y&CANGZIP=Y&SUPD_DBS=MYSQL&XE=N&CLIENT_SITE=fk62.ru&LICENSE_KEY=X&SUPD_STS=1&SUPD_URS=0&SUPD_URSA=1&TYPENC=E&CLIENT_PHPVER=7.1.9&NGINX=Y&dbv=5.6.39&instm=main%2C18.0.0%2CN%3Bfileman%2C18.0.0%2CN%3Blanding%2C18.3.0%2CN%3Bclouds%2C17.0.2%2CN%3Bsocialservices%2C17.5.4%2CN%3Bsubscribe%2C17.5.0%2CN%3Bperfmon%2C17.0.1%2CN%3Bpull%2C17.5.4%2CN%3Bb24connector%2C17.5.0%2CN%3Bforum%2C17.5.5%2CN%3Bsender%2C18.0.0%2CN%3Bcatalog%2C17.6.2%2CN%3Bsale%2C17.8.19%2CN%3Bbitrix.eshop%2C17.5.0%2CN%3Bconversion%2C17.5.0%2CN%3Breport%2C18.0.4%2CN%3Bsecurity%2C17.0.2%2CN%3Brest%2C18.0.1%2CN%3Bsearch%2C17.5.1%2CN%3Bbitrixcloud%2C17.5.0%2CN%3Biblock%2C17.6.3%2CN%3Bseo%2C18.0.0%2CN%3Bhighloadblock%2C17.5.0%2CN%3Bphotogallery%2C17.0.2%2CN%3Bcurrency%2C17.5.4%2CN%3Btranslate%2C16.0.0%2CN%3Bbitrix.sitecorporate%2C15.5.0%2CN%3Beshopapp%2C16.5.0%2CN%3Bmobileapp%2C17.5.1%2CN%3Bui%2C17.6.0%2CN%3Bcompression%2C16.0.0%2CN%3Bform%2C17.0.1%2CN%3Bblog%2C17.6.1%2CN%3Babtest%2C17.5.0%2CN%3Bmessageservice%2C18.0.0%2CN%3Bstoreassist%2C16.0.1%2CN%3Bvote%2C17.5.1%2CN%3Bscale%2C17.5.0%2CN%3Baspro.next%2C1.1.6%2CN&reqm=aspro.next&fullmoduleinfo=Y&SUPD_SRS=RU&SUPD_CMP=N
2018-07-11 17:07:15 -  - exec CUpdateClientPartner::GetHTTPPage
2018-07-11 17:07:15 -  - TIME GetUpdatesList(request) 0.283 sec
2018-07-11 17:07:15 -  - exec CUpdateClientPartner::ParseServerData
